INFO - 2023-07-31 21:20:39 --> Session: Class initialized using 'CodeIgniter\Session\Handlers\FileHandler' driver.
INFO - 2023-07-31 21:20:42 --> Session: Class initialized using 'CodeIgniter\Session\Handlers\FileHandler' driver.
INFO - 2023-07-31 21:20:47 --> Session: Class initialized using 'CodeIgniter\Session\Handlers\FileHandler' driver.
INFO - 2023-07-31 21:20:48 --> Session: Class initialized using 'CodeIgniter\Session\Handlers\FileHandler' driver.
INFO - 2023-07-31 21:20:53 --> Session: Class initialized using 'CodeIgniter\Session\Handlers\FileHandler' driver.
CRITICAL - 2023-07-31 21:20:53 --> Class "JasonN\Cart\Cart" not found
in FCPATH\vendor\jason-napolitano\codeigniter4-cart-module\src\Config\Services.php on line 35.
 1 SYSTEMPATH\Config\BaseService.php(252): CodeIgniterCart\Config\Services::cart(false)
 2 SYSTEMPATH\Config\BaseService.php(193): CodeIgniter\Config\BaseService::__callStatic('cart', [...])
 3 FCPATH\vendor\jason-napolitano\codeigniter4-cart-module\src\Config\Services.php(33): CodeIgniter\Config\BaseService::getSharedInstance('cart')
 4 SYSTEMPATH\Config\BaseService.php(252): CodeIgniterCart\Config\Services::cart()
 5 APPPATH\Controllers\CartController.php(16): CodeIgniter\Config\BaseService::__callStatic('cart', [])
 6 SYSTEMPATH\CodeIgniter.php(906): App\Controllers\CartController->__construct()
 7 SYSTEMPATH\CodeIgniter.php(490): CodeIgniter\CodeIgniter->createController()
 8 SYSTEMPATH\CodeIgniter.php(368): CodeIgniter\CodeIgniter->handleRequest(null, Object(Config\Cache), false)
 9 FCPATH\index.php(67): CodeIgniter\CodeIgniter->run()
INFO - 2023-07-31 21:20:56 --> Session: Class initialized using 'CodeIgniter\Session\Handlers\FileHandler' driver.
INFO - 2023-07-31 21:20:57 --> Session: Class initialized using 'CodeIgniter\Session\Handlers\FileHandler' driver.
CRITICAL - 2023-07-31 21:20:57 --> Class "JasonN\Cart\Cart" not found
in FCPATH\vendor\jason-napolitano\codeigniter4-cart-module\src\Config\Services.php on line 35.
 1 SYSTEMPATH\Config\BaseService.php(252): CodeIgniterCart\Config\Services::cart(false)
 2 SYSTEMPATH\Config\BaseService.php(193): CodeIgniter\Config\BaseService::__callStatic('cart', [...])
 3 FCPATH\vendor\jason-napolitano\codeigniter4-cart-module\src\Config\Services.php(33): CodeIgniter\Config\BaseService::getSharedInstance('cart')
 4 SYSTEMPATH\Config\BaseService.php(252): CodeIgniterCart\Config\Services::cart()
 5 APPPATH\Controllers\CartController.php(16): CodeIgniter\Config\BaseService::__callStatic('cart', [])
 6 SYSTEMPATH\CodeIgniter.php(906): App\Controllers\CartController->__construct()
 7 SYSTEMPATH\CodeIgniter.php(490): CodeIgniter\CodeIgniter->createController()
 8 SYSTEMPATH\CodeIgniter.php(368): CodeIgniter\CodeIgniter->handleRequest(null, Object(Config\Cache), false)
 9 FCPATH\index.php(67): CodeIgniter\CodeIgniter->run()
INFO - 2023-07-31 21:20:59 --> Session: Class initialized using 'CodeIgniter\Session\Handlers\FileHandler' driver.
INFO - 2023-07-31 21:21:01 --> Session: Class initialized using 'CodeIgniter\Session\Handlers\FileHandler' driver.
CRITICAL - 2023-07-31 21:21:01 --> Class "JasonN\Cart\Cart" not found
in FCPATH\vendor\jason-napolitano\codeigniter4-cart-module\src\Config\Services.php on line 35.
 1 SYSTEMPATH\Config\BaseService.php(252): CodeIgniterCart\Config\Services::cart(false)
 2 SYSTEMPATH\Config\BaseService.php(193): CodeIgniter\Config\BaseService::__callStatic('cart', [...])
 3 FCPATH\vendor\jason-napolitano\codeigniter4-cart-module\src\Config\Services.php(33): CodeIgniter\Config\BaseService::getSharedInstance('cart')
 4 SYSTEMPATH\Config\BaseService.php(252): CodeIgniterCart\Config\Services::cart()
 5 APPPATH\Controllers\CartController.php(16): CodeIgniter\Config\BaseService::__callStatic('cart', [])
 6 SYSTEMPATH\CodeIgniter.php(906): App\Controllers\CartController->__construct()
 7 SYSTEMPATH\CodeIgniter.php(490): CodeIgniter\CodeIgniter->createController()
 8 SYSTEMPATH\CodeIgniter.php(368): CodeIgniter\CodeIgniter->handleRequest(null, Object(Config\Cache), false)
 9 FCPATH\index.php(67): CodeIgniter\CodeIgniter->run()
INFO - 2023-07-31 21:21:02 --> Session: Class initialized using 'CodeIgniter\Session\Handlers\FileHandler' driver.
INFO - 2023-07-31 21:21:03 --> Session: Class initialized using 'CodeIgniter\Session\Handlers\FileHandler' driver.
INFO - 2023-07-31 21:21:07 --> Session: Class initialized using 'CodeIgniter\Session\Handlers\FileHandler' driver.
CRITICAL - 2023-07-31 21:21:07 --> Class "JasonN\Cart\Cart" not found
in FCPATH\vendor\jason-napolitano\codeigniter4-cart-module\src\Config\Services.php on line 35.
 1 SYSTEMPATH\Config\BaseService.php(252): CodeIgniterCart\Config\Services::cart(false)
 2 SYSTEMPATH\Config\BaseService.php(193): CodeIgniter\Config\BaseService::__callStatic('cart', [...])
 3 FCPATH\vendor\jason-napolitano\codeigniter4-cart-module\src\Config\Services.php(33): CodeIgniter\Config\BaseService::getSharedInstance('cart')
 4 SYSTEMPATH\Config\BaseService.php(252): CodeIgniterCart\Config\Services::cart()
 5 APPPATH\Controllers\CartController.php(16): CodeIgniter\Config\BaseService::__callStatic('cart', [])
 6 SYSTEMPATH\CodeIgniter.php(906): App\Controllers\CartController->__construct()
 7 SYSTEMPATH\CodeIgniter.php(490): CodeIgniter\CodeIgniter->createController()
 8 SYSTEMPATH\CodeIgniter.php(368): CodeIgniter\CodeIgniter->handleRequest(null, Object(Config\Cache), false)
 9 FCPATH\index.php(67): CodeIgniter\CodeIgniter->run()
INFO - 2023-07-31 21:21:19 --> Session: Class initialized using 'CodeIgniter\Session\Handlers\FileHandler' driver.
INFO - 2023-07-31 21:21:22 --> Session: Class initialized using 'CodeIgniter\Session\Handlers\FileHandler' driver.
INFO - 2023-07-31 21:21:24 --> Session: Class initialized using 'CodeIgniter\Session\Handlers\FileHandler' driver.
INFO - 2023-07-31 21:21:26 --> Session: Class initialized using 'CodeIgniter\Session\Handlers\FileHandler' driver.
CRITICAL - 2023-07-31 21:21:26 --> Class "JasonN\Cart\Cart" not found
in FCPATH\vendor\jason-napolitano\codeigniter4-cart-module\src\Config\Services.php on line 35.
 1 SYSTEMPATH\Config\BaseService.php(252): CodeIgniterCart\Config\Services::cart(false)
 2 SYSTEMPATH\Config\BaseService.php(193): CodeIgniter\Config\BaseService::__callStatic('cart', [...])
 3 FCPATH\vendor\jason-napolitano\codeigniter4-cart-module\src\Config\Services.php(33): CodeIgniter\Config\BaseService::getSharedInstance('cart')
 4 SYSTEMPATH\Config\BaseService.php(252): CodeIgniterCart\Config\Services::cart()
 5 APPPATH\Controllers\CartController.php(16): CodeIgniter\Config\BaseService::__callStatic('cart', [])
 6 SYSTEMPATH\CodeIgniter.php(906): App\Controllers\CartController->__construct()
 7 SYSTEMPATH\CodeIgniter.php(490): CodeIgniter\CodeIgniter->createController()
 8 SYSTEMPATH\CodeIgniter.php(368): CodeIgniter\CodeIgniter->handleRequest(null, Object(Config\Cache), false)
 9 FCPATH\index.php(67): CodeIgniter\CodeIgniter->run()
INFO - 2023-07-31 21:23:08 --> Session: Class initialized using 'CodeIgniter\Session\Handlers\FileHandler' driver.
INFO - 2023-07-31 21:23:10 --> Session: Class initialized using 'CodeIgniter\Session\Handlers\FileHandler' driver.
INFO - 2023-07-31 21:23:12 --> Session: Class initialized using 'CodeIgniter\Session\Handlers\FileHandler' driver.
CRITICAL - 2023-07-31 21:23:12 --> Class "JasonN\Cart\Cart" not found
in FCPATH\vendor\jason-napolitano\codeigniter4-cart-module\src\Config\Services.php on line 35.
 1 SYSTEMPATH\Config\BaseService.php(252): CodeIgniterCart\Config\Services::cart(false)
 2 SYSTEMPATH\Config\BaseService.php(193): CodeIgniter\Config\BaseService::__callStatic('cart', [...])
 3 FCPATH\vendor\jason-napolitano\codeigniter4-cart-module\src\Config\Services.php(33): CodeIgniter\Config\BaseService::getSharedInstance('cart')
 4 SYSTEMPATH\Config\BaseService.php(252): CodeIgniterCart\Config\Services::cart()
 5 APPPATH\Controllers\CartController.php(16): CodeIgniter\Config\BaseService::__callStatic('cart', [])
 6 SYSTEMPATH\CodeIgniter.php(906): App\Controllers\CartController->__construct()
 7 SYSTEMPATH\CodeIgniter.php(490): CodeIgniter\CodeIgniter->createController()
 8 SYSTEMPATH\CodeIgniter.php(368): CodeIgniter\CodeIgniter->handleRequest(null, Object(Config\Cache), false)
 9 FCPATH\index.php(67): CodeIgniter\CodeIgniter->run()
INFO - 2023-07-31 21:23:14 --> Session: Class initialized using 'CodeIgniter\Session\Handlers\FileHandler' driver.
INFO - 2023-07-31 21:23:16 --> Session: Class initialized using 'CodeIgniter\Session\Handlers\FileHandler' driver.
CRITICAL - 2023-07-31 21:23:16 --> Class "JasonN\Cart\Cart" not found
in FCPATH\vendor\jason-napolitano\codeigniter4-cart-module\src\Config\Services.php on line 35.
 1 SYSTEMPATH\Config\BaseService.php(252): CodeIgniterCart\Config\Services::cart(false)
 2 SYSTEMPATH\Config\BaseService.php(193): CodeIgniter\Config\BaseService::__callStatic('cart', [...])
 3 FCPATH\vendor\jason-napolitano\codeigniter4-cart-module\src\Config\Services.php(33): CodeIgniter\Config\BaseService::getSharedInstance('cart')
 4 SYSTEMPATH\Config\BaseService.php(252): CodeIgniterCart\Config\Services::cart()
 5 APPPATH\Controllers\CartController.php(16): CodeIgniter\Config\BaseService::__callStatic('cart', [])
 6 SYSTEMPATH\CodeIgniter.php(906): App\Controllers\CartController->__construct()
 7 SYSTEMPATH\CodeIgniter.php(490): CodeIgniter\CodeIgniter->createController()
 8 SYSTEMPATH\CodeIgniter.php(368): CodeIgniter\CodeIgniter->handleRequest(null, Object(Config\Cache), false)
 9 FCPATH\index.php(67): CodeIgniter\CodeIgniter->run()
INFO - 2023-07-31 21:23:28 --> Session: Class initialized using 'CodeIgniter\Session\Handlers\FileHandler' driver.
CRITICAL - 2023-07-31 21:23:28 --> Class "JasonN\Cart\Cart" not found
in FCPATH\vendor\jason-napolitano\codeigniter4-cart-module\src\Config\Services.php on line 35.
 1 SYSTEMPATH\Config\BaseService.php(252): CodeIgniterCart\Config\Services::cart(false)
 2 SYSTEMPATH\Config\BaseService.php(193): CodeIgniter\Config\BaseService::__callStatic('cart', [...])
 3 FCPATH\vendor\jason-napolitano\codeigniter4-cart-module\src\Config\Services.php(33): CodeIgniter\Config\BaseService::getSharedInstance('cart')
 4 SYSTEMPATH\Config\BaseService.php(252): CodeIgniterCart\Config\Services::cart()
 5 APPPATH\Controllers\CartController.php(16): CodeIgniter\Config\BaseService::__callStatic('cart', [])
 6 SYSTEMPATH\CodeIgniter.php(906): App\Controllers\CartController->__construct()
 7 SYSTEMPATH\CodeIgniter.php(490): CodeIgniter\CodeIgniter->createController()
 8 SYSTEMPATH\CodeIgniter.php(368): CodeIgniter\CodeIgniter->handleRequest(null, Object(Config\Cache), false)
 9 FCPATH\index.php(67): CodeIgniter\CodeIgniter->run()
INFO - 2023-07-31 21:23:29 --> Session: Class initialized using 'CodeIgniter\Session\Handlers\FileHandler' driver.
CRITICAL - 2023-07-31 21:23:29 --> Class "JasonN\Cart\Cart" not found
in FCPATH\vendor\jason-napolitano\codeigniter4-cart-module\src\Config\Services.php on line 35.
 1 SYSTEMPATH\Config\BaseService.php(252): CodeIgniterCart\Config\Services::cart(false)
 2 SYSTEMPATH\Config\BaseService.php(193): CodeIgniter\Config\BaseService::__callStatic('cart', [...])
 3 FCPATH\vendor\jason-napolitano\codeigniter4-cart-module\src\Config\Services.php(33): CodeIgniter\Config\BaseService::getSharedInstance('cart')
 4 SYSTEMPATH\Config\BaseService.php(252): CodeIgniterCart\Config\Services::cart()
 5 APPPATH\Controllers\CartController.php(16): CodeIgniter\Config\BaseService::__callStatic('cart', [])
 6 SYSTEMPATH\CodeIgniter.php(906): App\Controllers\CartController->__construct()
 7 SYSTEMPATH\CodeIgniter.php(490): CodeIgniter\CodeIgniter->createController()
 8 SYSTEMPATH\CodeIgniter.php(368): CodeIgniter\CodeIgniter->handleRequest(null, Object(Config\Cache), false)
 9 FCPATH\index.php(67): CodeIgniter\CodeIgniter->run()
INFO - 2023-07-31 21:23:32 --> Session: Class initialized using 'CodeIgniter\Session\Handlers\FileHandler' driver.
INFO - 2023-07-31 21:23:35 --> Session: Class initialized using 'CodeIgniter\Session\Handlers\FileHandler' driver.
INFO - 2023-07-31 21:23:35 --> Session: Class initialized using 'CodeIgniter\Session\Handlers\FileHandler' driver.
INFO - 2023-07-31 21:23:39 --> Session: Class initialized using 'CodeIgniter\Session\Handlers\FileHandler' driver.
INFO - 2023-07-31 21:23:39 --> Session: Class initialized using 'CodeIgniter\Session\Handlers\FileHandler' driver.
INFO - 2023-07-31 21:23:40 --> Session: Class initialized using 'CodeIgniter\Session\Handlers\FileHandler' driver.
CRITICAL - 2023-07-31 21:23:40 --> Class "JasonN\Cart\Cart" not found
in FCPATH\vendor\jason-napolitano\codeigniter4-cart-module\src\Config\Services.php on line 35.
 1 SYSTEMPATH\Config\BaseService.php(252): CodeIgniterCart\Config\Services::cart(false)
 2 SYSTEMPATH\Config\BaseService.php(193): CodeIgniter\Config\BaseService::__callStatic('cart', [...])
 3 FCPATH\vendor\jason-napolitano\codeigniter4-cart-module\src\Config\Services.php(33): CodeIgniter\Config\BaseService::getSharedInstance('cart')
 4 SYSTEMPATH\Config\BaseService.php(252): CodeIgniterCart\Config\Services::cart()
 5 APPPATH\Controllers\CartController.php(16): CodeIgniter\Config\BaseService::__callStatic('cart', [])
 6 SYSTEMPATH\CodeIgniter.php(906): App\Controllers\CartController->__construct()
 7 SYSTEMPATH\CodeIgniter.php(490): CodeIgniter\CodeIgniter->createController()
 8 SYSTEMPATH\CodeIgniter.php(368): CodeIgniter\CodeIgniter->handleRequest(null, Object(Config\Cache), false)
 9 FCPATH\index.php(67): CodeIgniter\CodeIgniter->run()
INFO - 2023-07-31 21:25:36 --> Session: Class initialized using 'CodeIgniter\Session\Handlers\FileHandler' driver.
INFO - 2023-07-31 21:25:39 --> Session: Class initialized using 'CodeIgniter\Session\Handlers\FileHandler' driver.
CRITICAL - 2023-07-31 21:25:39 --> Class "JasonN\Cart\Cart" not found
in FCPATH\vendor\jason-napolitano\codeigniter4-cart-module\src\Config\Services.php on line 35.
 1 SYSTEMPATH\Config\BaseService.php(252): CodeIgniterCart\Config\Services::cart(false)
 2 SYSTEMPATH\Config\BaseService.php(193): CodeIgniter\Config\BaseService::__callStatic('cart', [...])
 3 FCPATH\vendor\jason-napolitano\codeigniter4-cart-module\src\Config\Services.php(33): CodeIgniter\Config\BaseService::getSharedInstance('cart')
 4 SYSTEMPATH\Config\BaseService.php(252): CodeIgniterCart\Config\Services::cart()
 5 APPPATH\Controllers\CartController.php(16): CodeIgniter\Config\BaseService::__callStatic('cart', [])
 6 SYSTEMPATH\CodeIgniter.php(906): App\Controllers\CartController->__construct()
 7 SYSTEMPATH\CodeIgniter.php(490): CodeIgniter\CodeIgniter->createController()
 8 SYSTEMPATH\CodeIgniter.php(368): CodeIgniter\CodeIgniter->handleRequest(null, Object(Config\Cache), false)
 9 FCPATH\index.php(67): CodeIgniter\CodeIgniter->run()
INFO - 2023-07-31 21:30:07 --> Session: Class initialized using 'CodeIgniter\Session\Handlers\FileHandler' driver.
INFO - 2023-07-31 21:30:10 --> Session: Class initialized using 'CodeIgniter\Session\Handlers\FileHandler' driver.
CRITICAL - 2023-07-31 21:30:10 --> Class "JasonN\Cart\Cart" not found
in FCPATH\vendor\jason-napolitano\codeigniter4-cart-module\src\Config\Services.php on line 35.
 1 SYSTEMPATH\Config\BaseService.php(252): CodeIgniterCart\Config\Services::cart(false)
 2 SYSTEMPATH\Config\BaseService.php(193): CodeIgniter\Config\BaseService::__callStatic('cart', [...])
 3 FCPATH\vendor\jason-napolitano\codeigniter4-cart-module\src\Config\Services.php(33): CodeIgniter\Config\BaseService::getSharedInstance('cart')
 4 SYSTEMPATH\Config\BaseService.php(252): CodeIgniterCart\Config\Services::cart()
 5 APPPATH\Controllers\CartController.php(16): CodeIgniter\Config\BaseService::__callStatic('cart', [])
 6 SYSTEMPATH\CodeIgniter.php(906): App\Controllers\CartController->__construct()
 7 SYSTEMPATH\CodeIgniter.php(490): CodeIgniter\CodeIgniter->createController()
 8 SYSTEMPATH\CodeIgniter.php(368): CodeIgniter\CodeIgniter->handleRequest(null, Object(Config\Cache), false)
 9 FCPATH\index.php(67): CodeIgniter\CodeIgniter->run()
INFO - 2023-07-31 21:30:16 --> Session: Class initialized using 'CodeIgniter\Session\Handlers\FileHandler' driver.
INFO - 2023-07-31 21:30:19 --> Session: Class initialized using 'CodeIgniter\Session\Handlers\FileHandler' driver.
CRITICAL - 2023-07-31 21:30:19 --> Class "JasonN\Cart\Cart" not found
in FCPATH\vendor\jason-napolitano\codeigniter4-cart-module\src\Config\Services.php on line 35.
 1 SYSTEMPATH\Config\BaseService.php(252): CodeIgniterCart\Config\Services::cart(false)
 2 SYSTEMPATH\Config\BaseService.php(193): CodeIgniter\Config\BaseService::__callStatic('cart', [...])
 3 FCPATH\vendor\jason-napolitano\codeigniter4-cart-module\src\Config\Services.php(33): CodeIgniter\Config\BaseService::getSharedInstance('cart')
 4 SYSTEMPATH\Config\BaseService.php(252): CodeIgniterCart\Config\Services::cart()
 5 APPPATH\Controllers\CartController.php(16): CodeIgniter\Config\BaseService::__callStatic('cart', [])
 6 SYSTEMPATH\CodeIgniter.php(906): App\Controllers\CartController->__construct()
 7 SYSTEMPATH\CodeIgniter.php(490): CodeIgniter\CodeIgniter->createController()
 8 SYSTEMPATH\CodeIgniter.php(368): CodeIgniter\CodeIgniter->handleRequest(null, Object(Config\Cache), false)
 9 FCPATH\index.php(67): CodeIgniter\CodeIgniter->run()
INFO - 2023-07-31 21:36:48 --> Session: Class initialized using 'CodeIgniter\Session\Handlers\FileHandler' driver.
INFO - 2023-07-31 21:36:52 --> Session: Class initialized using 'CodeIgniter\Session\Handlers\FileHandler' driver.
CRITICAL - 2023-07-31 21:36:52 --> Class "JasonN\Cart\Cart" not found
in FCPATH\vendor\jason-napolitano\codeigniter4-cart-module\src\Config\Services.php on line 35.
 1 SYSTEMPATH\Config\BaseService.php(252): CodeIgniterCart\Config\Services::cart(false)
 2 SYSTEMPATH\Config\BaseService.php(193): CodeIgniter\Config\BaseService::__callStatic('cart', [...])
 3 FCPATH\vendor\jason-napolitano\codeigniter4-cart-module\src\Config\Services.php(33): CodeIgniter\Config\BaseService::getSharedInstance('cart')
 4 SYSTEMPATH\Config\BaseService.php(252): CodeIgniterCart\Config\Services::cart()
 5 APPPATH\Controllers\CartController.php(16): CodeIgniter\Config\BaseService::__callStatic('cart', [])
 6 SYSTEMPATH\CodeIgniter.php(906): App\Controllers\CartController->__construct()
 7 SYSTEMPATH\CodeIgniter.php(490): CodeIgniter\CodeIgniter->createController()
 8 SYSTEMPATH\CodeIgniter.php(368): CodeIgniter\CodeIgniter->handleRequest(null, Object(Config\Cache), false)
 9 FCPATH\index.php(67): CodeIgniter\CodeIgniter->run()
INFO - 2023-07-31 21:41:39 --> Session: Class initialized using 'CodeIgniter\Session\Handlers\FileHandler' driver.
INFO - 2023-07-31 21:41:39 --> Cart Class Initialized
INFO - 2023-07-31 21:41:48 --> Session: Class initialized using 'CodeIgniter\Session\Handlers\FileHandler' driver.
INFO - 2023-07-31 21:41:49 --> Session: Class initialized using 'CodeIgniter\Session\Handlers\FileHandler' driver.
INFO - 2023-07-31 21:41:49 --> Cart Class Initialized
INFO - 2023-07-31 21:41:51 --> Session: Class initialized using 'CodeIgniter\Session\Handlers\FileHandler' driver.
INFO - 2023-07-31 21:41:51 --> Cart Class Initialized
INFO - 2023-07-31 21:41:53 --> Session: Class initialized using 'CodeIgniter\Session\Handlers\FileHandler' driver.
INFO - 2023-07-31 21:41:53 --> Cart Class Initialized
INFO - 2023-07-31 21:41:53 --> Session: Class initialized using 'CodeIgniter\Session\Handlers\FileHandler' driver.
INFO - 2023-07-31 21:41:53 --> Cart Class Initialized
INFO - 2023-07-31 21:41:55 --> Session: Class initialized using 'CodeIgniter\Session\Handlers\FileHandler' driver.
INFO - 2023-07-31 21:41:55 --> Cart Class Initialized
INFO - 2023-07-31 21:41:55 --> Session: Class initialized using 'CodeIgniter\Session\Handlers\FileHandler' driver.
INFO - 2023-07-31 21:41:55 --> Cart Class Initialized
INFO - 2023-07-31 21:41:57 --> Session: Class initialized using 'CodeIgniter\Session\Handlers\FileHandler' driver.
INFO - 2023-07-31 21:41:57 --> Cart Class Initialized
INFO - 2023-07-31 21:41:57 --> Session: Class initialized using 'CodeIgniter\Session\Handlers\FileHandler' driver.
INFO - 2023-07-31 21:41:57 --> Cart Class Initialized
INFO - 2023-07-31 21:42:00 --> Session: Class initialized using 'CodeIgniter\Session\Handlers\FileHandler' driver.
INFO - 2023-07-31 21:42:00 --> Cart Class Initialized
INFO - 2023-07-31 21:42:03 --> Session: Class initialized using 'CodeIgniter\Session\Handlers\FileHandler' driver.
INFO - 2023-07-31 21:42:03 --> Cart Class Initialized
INFO - 2023-07-31 21:42:03 --> Session: Class initialized using 'CodeIgniter\Session\Handlers\FileHandler' driver.
INFO - 2023-07-31 21:42:03 --> Cart Class Initialized
INFO - 2023-07-31 21:42:08 --> Session: Class initialized using 'CodeIgniter\Session\Handlers\FileHandler' driver.
INFO - 2023-07-31 21:42:10 --> Session: Class initialized using 'CodeIgniter\Session\Handlers\FileHandler' driver.
INFO - 2023-07-31 21:44:24 --> Session: Class initialized using 'CodeIgniter\Session\Handlers\FileHandler' driver.
INFO - 2023-07-31 21:44:25 --> Session: Class initialized using 'CodeIgniter\Session\Handlers\FileHandler' driver.
INFO - 2023-07-31 21:44:26 --> Session: Class initialized using 'CodeIgniter\Session\Handlers\FileHandler' driver.
INFO - 2023-07-31 21:44:26 --> Cart Class Initialized
INFO - 2023-07-31 21:44:27 --> Session: Class initialized using 'CodeIgniter\Session\Handlers\FileHandler' driver.
INFO - 2023-07-31 21:44:27 --> Cart Class Initialized
INFO - 2023-07-31 21:44:29 --> Session: Class initialized using 'CodeIgniter\Session\Handlers\FileHandler' driver.
INFO - 2023-07-31 21:44:29 --> Cart Class Initialized
INFO - 2023-07-31 21:44:33 --> Session: Class initialized using 'CodeIgniter\Session\Handlers\FileHandler' driver.
INFO - 2023-07-31 21:44:33 --> Cart Class Initialized
INFO - 2023-07-31 21:44:34 --> Session: Class initialized using 'CodeIgniter\Session\Handlers\FileHandler' driver.
INFO - 2023-07-31 21:44:34 --> Cart Class Initialized
INFO - 2023-07-31 21:44:35 --> Session: Class initialized using 'CodeIgniter\Session\Handlers\FileHandler' driver.
INFO - 2023-07-31 21:44:35 --> Cart Class Initialized
INFO - 2023-07-31 21:44:35 --> Session: Class initialized using 'CodeIgniter\Session\Handlers\FileHandler' driver.
INFO - 2023-07-31 21:44:35 --> Cart Class Initialized
INFO - 2023-07-31 21:44:38 --> Session: Class initialized using 'CodeIgniter\Session\Handlers\FileHandler' driver.
INFO - 2023-07-31 21:44:38 --> Cart Class Initialized
INFO - 2023-07-31 21:44:38 --> Session: Class initialized using 'CodeIgniter\Session\Handlers\FileHandler' driver.
INFO - 2023-07-31 21:44:38 --> Cart Class Initialized
INFO - 2023-07-31 21:44:40 --> Session: Class initialized using 'CodeIgniter\Session\Handlers\FileHandler' driver.
INFO - 2023-07-31 21:44:40 --> Cart Class Initialized
INFO - 2023-07-31 21:44:40 --> Session: Class initialized using 'CodeIgniter\Session\Handlers\FileHandler' driver.
INFO - 2023-07-31 21:44:40 --> Cart Class Initialized
INFO - 2023-07-31 21:44:42 --> Session: Class initialized using 'CodeIgniter\Session\Handlers\FileHandler' driver.
INFO - 2023-07-31 21:44:42 --> Cart Class Initialized
INFO - 2023-07-31 21:44:42 --> Session: Class initialized using 'CodeIgniter\Session\Handlers\FileHandler' driver.
INFO - 2023-07-31 21:44:42 --> Cart Class Initialized
INFO - 2023-07-31 21:44:44 --> Session: Class initialized using 'CodeIgniter\Session\Handlers\FileHandler' driver.
INFO - 2023-07-31 21:44:44 --> Cart Class Initialized
INFO - 2023-07-31 21:44:45 --> Session: Class initialized using 'CodeIgniter\Session\Handlers\FileHandler' driver.
INFO - 2023-07-31 21:44:45 --> Cart Class Initialized
INFO - 2023-07-31 21:44:51 --> Session: Class initialized using 'CodeIgniter\Session\Handlers\FileHandler' driver.
INFO - 2023-07-31 21:44:51 --> Cart Class Initialized
INFO - 2023-07-31 21:44:55 --> Session: Class initialized using 'CodeIgniter\Session\Handlers\FileHandler' driver.
INFO - 2023-07-31 21:44:55 --> Cart Class Initialized
INFO - 2023-07-31 21:44:55 --> Session: Class initialized using 'CodeIgniter\Session\Handlers\FileHandler' driver.
INFO - 2023-07-31 21:44:55 --> Cart Class Initialized
INFO - 2023-07-31 21:45:05 --> Session: Class initialized using 'CodeIgniter\Session\Handlers\FileHandler' driver.
INFO - 2023-07-31 21:45:07 --> Session: Class initialized using 'CodeIgniter\Session\Handlers\FileHandler' driver.
INFO - 2023-07-31 21:45:10 --> Session: Class initialized using 'CodeIgniter\Session\Handlers\FileHandler' driver.
INFO - 2023-07-31 21:45:10 --> Cart Class Initialized
INFO - 2023-07-31 21:45:18 --> Session: Class initialized using 'CodeIgniter\Session\Handlers\FileHandler' driver.
INFO - 2023-07-31 21:45:18 --> Cart Class Initialized
INFO - 2023-07-31 21:45:22 --> Session: Class initialized using 'CodeIgniter\Session\Handlers\FileHandler' driver.
INFO - 2023-07-31 21:45:24 --> Session: Class initialized using 'CodeIgniter\Session\Handlers\FileHandler' driver.
INFO - 2023-07-31 21:50:50 --> Session: Class initialized using 'CodeIgniter\Session\Handlers\FileHandler' driver.
INFO - 2023-07-31 21:50:52 --> Session: Class initialized using 'CodeIgniter\Session\Handlers\FileHandler' driver.
INFO - 2023-07-31 21:50:52 --> Session: Class initialized using 'CodeIgniter\Session\Handlers\FileHandler' driver.
INFO - 2023-07-31 21:50:52 --> Cart Class Initialized
INFO - 2023-07-31 21:50:53 --> Session: Class initialized using 'CodeIgniter\Session\Handlers\FileHandler' driver.
INFO - 2023-07-31 21:50:53 --> Cart Class Initialized
INFO - 2023-07-31 21:50:57 --> Session: Class initialized using 'CodeIgniter\Session\Handlers\FileHandler' driver.
INFO - 2023-07-31 21:50:59 --> Session: Class initialized using 'CodeIgniter\Session\Handlers\FileHandler' driver.
INFO - 2023-07-31 21:52:19 --> Session: Class initialized using 'CodeIgniter\Session\Handlers\FileHandler' driver.
INFO - 2023-07-31 21:52:22 --> Session: Class initialized using 'CodeIgniter\Session\Handlers\FileHandler' driver.
INFO - 2023-07-31 21:52:22 --> Cart Class Initialized
INFO - 2023-07-31 21:52:23 --> Session: Class initialized using 'CodeIgniter\Session\Handlers\FileHandler' driver.
INFO - 2023-07-31 21:52:23 --> Cart Class Initialized
INFO - 2023-07-31 21:52:23 --> Session: Class initialized using 'CodeIgniter\Session\Handlers\FileHandler' driver.
