CRITICAL - 2023-04-14 01:30:08 --> The framework needs the following extension(s) installed and loaded: intl.
in SYSTEMPATH/CodeIgniter.php on line 226.
 1 SYSTEMPATH/CodeIgniter.php(226): CodeIgniter\Exceptions\FrameworkException::forMissingExtension('intl')
 2 SYSTEMPATH/CodeIgniter.php(190): CodeIgniter\CodeIgniter->resolvePlatformExtensions()
 3 FCPATH/index.php(55): CodeIgniter\CodeIgniter->initialize()
CRITICAL - 2023-04-14 01:30:12 --> The framework needs the following extension(s) installed and loaded: intl.
in SYSTEMPATH/CodeIgniter.php on line 226.
 1 SYSTEMPATH/CodeIgniter.php(226): CodeIgniter\Exceptions\FrameworkException::forMissingExtension('intl')
 2 SYSTEMPATH/CodeIgniter.php(190): CodeIgniter\CodeIgniter->resolvePlatformExtensions()
 3 FCPATH/index.php(55): CodeIgniter\CodeIgniter->initialize()
CRITICAL - 2023-04-14 01:30:46 --> The framework needs the following extension(s) installed and loaded: intl.
in SYSTEMPATH/CodeIgniter.php on line 226.
 1 SYSTEMPATH/CodeIgniter.php(226): CodeIgniter\Exceptions\FrameworkException::forMissingExtension('intl')
 2 SYSTEMPATH/CodeIgniter.php(190): CodeIgniter\CodeIgniter->resolvePlatformExtensions()
 3 FCPATH/index.php(55): CodeIgniter\CodeIgniter->initialize()
CRITICAL - 2023-04-14 01:31:17 --> The framework needs the following extension(s) installed and loaded: intl.
in SYSTEMPATH/CodeIgniter.php on line 226.
 1 SYSTEMPATH/CodeIgniter.php(226): CodeIgniter\Exceptions\FrameworkException::forMissingExtension('intl')
 2 SYSTEMPATH/CodeIgniter.php(190): CodeIgniter\CodeIgniter->resolvePlatformExtensions()
 3 FCPATH/index.php(55): CodeIgniter\CodeIgniter->initialize()
CRITICAL - 2023-04-14 01:32:09 --> The framework needs the following extension(s) installed and loaded: intl.
in SYSTEMPATH/CodeIgniter.php on line 226.
 1 SYSTEMPATH/CodeIgniter.php(226): CodeIgniter\Exceptions\FrameworkException::forMissingExtension('intl')
 2 SYSTEMPATH/CodeIgniter.php(190): CodeIgniter\CodeIgniter->resolvePlatformExtensions()
 3 FCPATH/index.php(55): CodeIgniter\CodeIgniter->initialize()
CRITICAL - 2023-04-14 01:32:14 --> The framework needs the following extension(s) installed and loaded: intl.
in SYSTEMPATH/CodeIgniter.php on line 226.
 1 SYSTEMPATH/CodeIgniter.php(226): CodeIgniter\Exceptions\FrameworkException::forMissingExtension('intl')
 2 SYSTEMPATH/CodeIgniter.php(190): CodeIgniter\CodeIgniter->resolvePlatformExtensions()
 3 FCPATH/index.php(55): CodeIgniter\CodeIgniter->initialize()
CRITICAL - 2023-04-14 01:37:46 --> The framework needs the following extension(s) installed and loaded: intl.
in SYSTEMPATH/CodeIgniter.php on line 226.
 1 SYSTEMPATH/CodeIgniter.php(226): CodeIgniter\Exceptions\FrameworkException::forMissingExtension('intl')
 2 SYSTEMPATH/CodeIgniter.php(190): CodeIgniter\CodeIgniter->resolvePlatformExtensions()
 3 FCPATH/index.php(55): CodeIgniter\CodeIgniter->initialize()
CRITICAL - 2023-04-14 01:37:59 --> The framework needs the following extension(s) installed and loaded: intl.
in SYSTEMPATH/CodeIgniter.php on line 226.
 1 SYSTEMPATH/CodeIgniter.php(226): CodeIgniter\Exceptions\FrameworkException::forMissingExtension('intl')
 2 SYSTEMPATH/CodeIgniter.php(190): CodeIgniter\CodeIgniter->resolvePlatformExtensions()
 3 FCPATH/index.php(55): CodeIgniter\CodeIgniter->initialize()
CRITICAL - 2023-04-14 01:38:07 --> The framework needs the following extension(s) installed and loaded: intl.
in SYSTEMPATH/CodeIgniter.php on line 226.
 1 SYSTEMPATH/CodeIgniter.php(226): CodeIgniter\Exceptions\FrameworkException::forMissingExtension('intl')
 2 SYSTEMPATH/CodeIgniter.php(190): CodeIgniter\CodeIgniter->resolvePlatformExtensions()
 3 FCPATH/index.php(55): CodeIgniter\CodeIgniter->initialize()
CRITICAL - 2023-04-14 01:40:24 --> The framework needs the following extension(s) installed and loaded: intl.
in SYSTEMPATH/CodeIgniter.php on line 226.
 1 SYSTEMPATH/CodeIgniter.php(226): CodeIgniter\Exceptions\FrameworkException::forMissingExtension('intl')
 2 SYSTEMPATH/CodeIgniter.php(190): CodeIgniter\CodeIgniter->resolvePlatformExtensions()
 3 FCPATH/index.php(55): CodeIgniter\CodeIgniter->initialize()
CRITICAL - 2023-04-14 01:40:25 --> The framework needs the following extension(s) installed and loaded: intl.
in SYSTEMPATH/CodeIgniter.php on line 226.
 1 SYSTEMPATH/CodeIgniter.php(226): CodeIgniter\Exceptions\FrameworkException::forMissingExtension('intl')
 2 SYSTEMPATH/CodeIgniter.php(190): CodeIgniter\CodeIgniter->resolvePlatformExtensions()
 3 FCPATH/index.php(55): CodeIgniter\CodeIgniter->initialize()
CRITICAL - 2023-04-14 01:40:58 --> The framework needs the following extension(s) installed and loaded: intl.
in SYSTEMPATH/CodeIgniter.php on line 226.
 1 SYSTEMPATH/CodeIgniter.php(226): CodeIgniter\Exceptions\FrameworkException::forMissingExtension('intl')
 2 SYSTEMPATH/CodeIgniter.php(190): CodeIgniter\CodeIgniter->resolvePlatformExtensions()
 3 FCPATH/index.php(55): CodeIgniter\CodeIgniter->initialize()
CRITICAL - 2023-04-14 01:50:35 --> The framework needs the following extension(s) installed and loaded: intl.
in SYSTEMPATH/CodeIgniter.php on line 226.
 1 SYSTEMPATH/CodeIgniter.php(226): CodeIgniter\Exceptions\FrameworkException::forMissingExtension('intl')
 2 SYSTEMPATH/CodeIgniter.php(190): CodeIgniter\CodeIgniter->resolvePlatformExtensions()
 3 FCPATH/index.php(55): CodeIgniter\CodeIgniter->initialize()
CRITICAL - 2023-04-14 01:51:47 --> The framework needs the following extension(s) installed and loaded: intl.
in SYSTEMPATH/CodeIgniter.php on line 226.
 1 SYSTEMPATH/CodeIgniter.php(226): CodeIgniter\Exceptions\FrameworkException::forMissingExtension('intl')
 2 SYSTEMPATH/CodeIgniter.php(190): CodeIgniter\CodeIgniter->resolvePlatformExtensions()
 3 FCPATH/index.php(55): CodeIgniter\CodeIgniter->initialize()
CRITICAL - 2023-04-14 01:54:57 --> The framework needs the following extension(s) installed and loaded: intl.
in SYSTEMPATH/CodeIgniter.php on line 226.
 1 SYSTEMPATH/CodeIgniter.php(226): CodeIgniter\Exceptions\FrameworkException::forMissingExtension('intl')
 2 SYSTEMPATH/CodeIgniter.php(190): CodeIgniter\CodeIgniter->resolvePlatformExtensions()
 3 FCPATH/index.php(55): CodeIgniter\CodeIgniter->initialize()
CRITICAL - 2023-04-14 01:56:04 --> The framework needs the following extension(s) installed and loaded: intl.
in SYSTEMPATH/CodeIgniter.php on line 226.
 1 SYSTEMPATH/CodeIgniter.php(226): CodeIgniter\Exceptions\FrameworkException::forMissingExtension('intl')
 2 SYSTEMPATH/CodeIgniter.php(190): CodeIgniter\CodeIgniter->resolvePlatformExtensions()
 3 FCPATH/index.php(55): CodeIgniter\CodeIgniter->initialize()
CRITICAL - 2023-04-14 01:56:05 --> The framework needs the following extension(s) installed and loaded: intl.
in SYSTEMPATH/CodeIgniter.php on line 226.
 1 SYSTEMPATH/CodeIgniter.php(226): CodeIgniter\Exceptions\FrameworkException::forMissingExtension('intl')
 2 SYSTEMPATH/CodeIgniter.php(190): CodeIgniter\CodeIgniter->resolvePlatformExtensions()
 3 FCPATH/index.php(55): CodeIgniter\CodeIgniter->initialize()
CRITICAL - 2023-04-14 01:56:07 --> The framework needs the following extension(s) installed and loaded: intl.
in SYSTEMPATH/CodeIgniter.php on line 226.
 1 SYSTEMPATH/CodeIgniter.php(226): CodeIgniter\Exceptions\FrameworkException::forMissingExtension('intl')
 2 SYSTEMPATH/CodeIgniter.php(190): CodeIgniter\CodeIgniter->resolvePlatformExtensions()
 3 FCPATH/index.php(55): CodeIgniter\CodeIgniter->initialize()
CRITICAL - 2023-04-14 01:56:47 --> The framework needs the following extension(s) installed and loaded: intl.
in SYSTEMPATH/CodeIgniter.php on line 226.
 1 SYSTEMPATH/CodeIgniter.php(226): CodeIgniter\Exceptions\FrameworkException::forMissingExtension('intl')
 2 SYSTEMPATH/CodeIgniter.php(190): CodeIgniter\CodeIgniter->resolvePlatformExtensions()
 3 FCPATH/index.php(55): CodeIgniter\CodeIgniter->initialize()
CRITICAL - 2023-04-14 01:59:08 --> The framework needs the following extension(s) installed and loaded: intl.
in SYSTEMPATH/CodeIgniter.php on line 226.
 1 SYSTEMPATH/CodeIgniter.php(226): CodeIgniter\Exceptions\FrameworkException::forMissingExtension('intl')
 2 SYSTEMPATH/CodeIgniter.php(190): CodeIgniter\CodeIgniter->resolvePlatformExtensions()
 3 FCPATH/index.php(55): CodeIgniter\CodeIgniter->initialize()
CRITICAL - 2023-04-14 01:59:21 --> The framework needs the following extension(s) installed and loaded: intl.
in SYSTEMPATH/CodeIgniter.php on line 226.
 1 SYSTEMPATH/CodeIgniter.php(226): CodeIgniter\Exceptions\FrameworkException::forMissingExtension('intl')
 2 SYSTEMPATH/CodeIgniter.php(190): CodeIgniter\CodeIgniter->resolvePlatformExtensions()
 3 FCPATH/index.php(55): CodeIgniter\CodeIgniter->initialize()
CRITICAL - 2023-04-14 01:59:31 --> The framework needs the following extension(s) installed and loaded: intl.
in SYSTEMPATH/CodeIgniter.php on line 226.
 1 SYSTEMPATH/CodeIgniter.php(226): CodeIgniter\Exceptions\FrameworkException::forMissingExtension('intl')
 2 SYSTEMPATH/CodeIgniter.php(190): CodeIgniter\CodeIgniter->resolvePlatformExtensions()
 3 FCPATH/index.php(55): CodeIgniter\CodeIgniter->initialize()
CRITICAL - 2023-04-14 02:05:04 --> The framework needs the following extension(s) installed and loaded: intl.
in SYSTEMPATH/CodeIgniter.php on line 226.
 1 SYSTEMPATH/CodeIgniter.php(226): CodeIgniter\Exceptions\FrameworkException::forMissingExtension('intl')
 2 SYSTEMPATH/CodeIgniter.php(190): CodeIgniter\CodeIgniter->resolvePlatformExtensions()
 3 FCPATH/index.php(55): CodeIgniter\CodeIgniter->initialize()
CRITICAL - 2023-04-14 02:05:36 --> The framework needs the following extension(s) installed and loaded: intl.
in SYSTEMPATH/CodeIgniter.php on line 226.
 1 SYSTEMPATH/CodeIgniter.php(226): CodeIgniter\Exceptions\FrameworkException::forMissingExtension('intl')
 2 SYSTEMPATH/CodeIgniter.php(190): CodeIgniter\CodeIgniter->resolvePlatformExtensions()
 3 FCPATH/index.php(55): CodeIgniter\CodeIgniter->initialize()
CRITICAL - 2023-04-14 02:05:57 --> The framework needs the following extension(s) installed and loaded: intl.
in SYSTEMPATH/CodeIgniter.php on line 226.
 1 SYSTEMPATH/CodeIgniter.php(226): CodeIgniter\Exceptions\FrameworkException::forMissingExtension('intl')
 2 SYSTEMPATH/CodeIgniter.php(190): CodeIgniter\CodeIgniter->resolvePlatformExtensions()
 3 FCPATH/index.php(55): CodeIgniter\CodeIgniter->initialize()
CRITICAL - 2023-04-14 02:10:40 --> The framework needs the following extension(s) installed and loaded: intl.
in SYSTEMPATH/CodeIgniter.php on line 226.
 1 SYSTEMPATH/CodeIgniter.php(226): CodeIgniter\Exceptions\FrameworkException::forMissingExtension('intl')
 2 SYSTEMPATH/CodeIgniter.php(190): CodeIgniter\CodeIgniter->resolvePlatformExtensions()
 3 FCPATH/index.php(55): CodeIgniter\CodeIgniter->initialize()
CRITICAL - 2023-04-14 02:13:49 --> The framework needs the following extension(s) installed and loaded: intl.
in SYSTEMPATH/CodeIgniter.php on line 226.
 1 SYSTEMPATH/CodeIgniter.php(226): CodeIgniter\Exceptions\FrameworkException::forMissingExtension('intl')
 2 SYSTEMPATH/CodeIgniter.php(190): CodeIgniter\CodeIgniter->resolvePlatformExtensions()
 3 FCPATH/index.php(55): CodeIgniter\CodeIgniter->initialize()
CRITICAL - 2023-04-14 02:13:50 --> The framework needs the following extension(s) installed and loaded: intl.
in SYSTEMPATH/CodeIgniter.php on line 226.
 1 SYSTEMPATH/CodeIgniter.php(226): CodeIgniter\Exceptions\FrameworkException::forMissingExtension('intl')
 2 SYSTEMPATH/CodeIgniter.php(190): CodeIgniter\CodeIgniter->resolvePlatformExtensions()
 3 FCPATH/index.php(55): CodeIgniter\CodeIgniter->initialize()
CRITICAL - 2023-04-14 02:14:27 --> The framework needs the following extension(s) installed and loaded: intl.
in SYSTEMPATH/CodeIgniter.php on line 226.
 1 SYSTEMPATH/CodeIgniter.php(226): CodeIgniter\Exceptions\FrameworkException::forMissingExtension('intl')
 2 SYSTEMPATH/CodeIgniter.php(190): CodeIgniter\CodeIgniter->resolvePlatformExtensions()
 3 FCPATH/index.php(55): CodeIgniter\CodeIgniter->initialize()
CRITICAL - 2023-04-14 02:19:21 --> The framework needs the following extension(s) installed and loaded: intl.
in SYSTEMPATH/CodeIgniter.php on line 226.
 1 SYSTEMPATH/CodeIgniter.php(226): CodeIgniter\Exceptions\FrameworkException::forMissingExtension('intl')
 2 SYSTEMPATH/CodeIgniter.php(190): CodeIgniter\CodeIgniter->resolvePlatformExtensions()
 3 FCPATH/index.php(55): CodeIgniter\CodeIgniter->initialize()
CRITICAL - 2023-04-14 02:19:39 --> The framework needs the following extension(s) installed and loaded: intl.
in SYSTEMPATH/CodeIgniter.php on line 226.
 1 SYSTEMPATH/CodeIgniter.php(226): CodeIgniter\Exceptions\FrameworkException::forMissingExtension('intl')
 2 SYSTEMPATH/CodeIgniter.php(190): CodeIgniter\CodeIgniter->resolvePlatformExtensions()
 3 FCPATH/index.php(55): CodeIgniter\CodeIgniter->initialize()
CRITICAL - 2023-04-14 02:19:40 --> The framework needs the following extension(s) installed and loaded: intl.
in SYSTEMPATH/CodeIgniter.php on line 226.
 1 SYSTEMPATH/CodeIgniter.php(226): CodeIgniter\Exceptions\FrameworkException::forMissingExtension('intl')
 2 SYSTEMPATH/CodeIgniter.php(190): CodeIgniter\CodeIgniter->resolvePlatformExtensions()
 3 FCPATH/index.php(55): CodeIgniter\CodeIgniter->initialize()
CRITICAL - 2023-04-14 02:19:40 --> The framework needs the following extension(s) installed and loaded: intl.
in SYSTEMPATH/CodeIgniter.php on line 226.
 1 SYSTEMPATH/CodeIgniter.php(226): CodeIgniter\Exceptions\FrameworkException::forMissingExtension('intl')
 2 SYSTEMPATH/CodeIgniter.php(190): CodeIgniter\CodeIgniter->resolvePlatformExtensions()
 3 FCPATH/index.php(55): CodeIgniter\CodeIgniter->initialize()
CRITICAL - 2023-04-14 02:19:40 --> The framework needs the following extension(s) installed and loaded: intl.
in SYSTEMPATH/CodeIgniter.php on line 226.
 1 SYSTEMPATH/CodeIgniter.php(226): CodeIgniter\Exceptions\FrameworkException::forMissingExtension('intl')
 2 SYSTEMPATH/CodeIgniter.php(190): CodeIgniter\CodeIgniter->resolvePlatformExtensions()
 3 FCPATH/index.php(55): CodeIgniter\CodeIgniter->initialize()
CRITICAL - 2023-04-14 02:19:41 --> The framework needs the following extension(s) installed and loaded: intl.
in SYSTEMPATH/CodeIgniter.php on line 226.
 1 SYSTEMPATH/CodeIgniter.php(226): CodeIgniter\Exceptions\FrameworkException::forMissingExtension('intl')
 2 SYSTEMPATH/CodeIgniter.php(190): CodeIgniter\CodeIgniter->resolvePlatformExtensions()
 3 FCPATH/index.php(55): CodeIgniter\CodeIgniter->initialize()
CRITICAL - 2023-04-14 02:19:41 --> The framework needs the following extension(s) installed and loaded: intl.
in SYSTEMPATH/CodeIgniter.php on line 226.
 1 SYSTEMPATH/CodeIgniter.php(226): CodeIgniter\Exceptions\FrameworkException::forMissingExtension('intl')
 2 SYSTEMPATH/CodeIgniter.php(190): CodeIgniter\CodeIgniter->resolvePlatformExtensions()
 3 FCPATH/index.php(55): CodeIgniter\CodeIgniter->initialize()
CRITICAL - 2023-04-14 02:19:54 --> The framework needs the following extension(s) installed and loaded: intl.
in SYSTEMPATH/CodeIgniter.php on line 226.
 1 SYSTEMPATH/CodeIgniter.php(226): CodeIgniter\Exceptions\FrameworkException::forMissingExtension('intl')
 2 SYSTEMPATH/CodeIgniter.php(190): CodeIgniter\CodeIgniter->resolvePlatformExtensions()
 3 FCPATH/index.php(55): CodeIgniter\CodeIgniter->initialize()
CRITICAL - 2023-04-14 02:23:29 --> The framework needs the following extension(s) installed and loaded: intl.
in SYSTEMPATH/CodeIgniter.php on line 226.
 1 SYSTEMPATH/CodeIgniter.php(226): CodeIgniter\Exceptions\FrameworkException::forMissingExtension('intl')
 2 SYSTEMPATH/CodeIgniter.php(190): CodeIgniter\CodeIgniter->resolvePlatformExtensions()
 3 FCPATH/index.php(55): CodeIgniter\CodeIgniter->initialize()
CRITICAL - 2023-04-14 02:23:30 --> The framework needs the following extension(s) installed and loaded: intl.
in SYSTEMPATH/CodeIgniter.php on line 226.
 1 SYSTEMPATH/CodeIgniter.php(226): CodeIgniter\Exceptions\FrameworkException::forMissingExtension('intl')
 2 SYSTEMPATH/CodeIgniter.php(190): CodeIgniter\CodeIgniter->resolvePlatformExtensions()
 3 FCPATH/index.php(55): CodeIgniter\CodeIgniter->initialize()
CRITICAL - 2023-04-14 02:23:30 --> The framework needs the following extension(s) installed and loaded: intl.
in SYSTEMPATH/CodeIgniter.php on line 226.
 1 SYSTEMPATH/CodeIgniter.php(226): CodeIgniter\Exceptions\FrameworkException::forMissingExtension('intl')
 2 SYSTEMPATH/CodeIgniter.php(190): CodeIgniter\CodeIgniter->resolvePlatformExtensions()
 3 FCPATH/index.php(55): CodeIgniter\CodeIgniter->initialize()
CRITICAL - 2023-04-14 02:23:30 --> The framework needs the following extension(s) installed and loaded: intl.
in SYSTEMPATH/CodeIgniter.php on line 226.
 1 SYSTEMPATH/CodeIgniter.php(226): CodeIgniter\Exceptions\FrameworkException::forMissingExtension('intl')
 2 SYSTEMPATH/CodeIgniter.php(190): CodeIgniter\CodeIgniter->resolvePlatformExtensions()
 3 FCPATH/index.php(55): CodeIgniter\CodeIgniter->initialize()
CRITICAL - 2023-04-14 02:23:30 --> The framework needs the following extension(s) installed and loaded: intl.
in SYSTEMPATH/CodeIgniter.php on line 226.
 1 SYSTEMPATH/CodeIgniter.php(226): CodeIgniter\Exceptions\FrameworkException::forMissingExtension('intl')
 2 SYSTEMPATH/CodeIgniter.php(190): CodeIgniter\CodeIgniter->resolvePlatformExtensions()
 3 FCPATH/index.php(55): CodeIgniter\CodeIgniter->initialize()
CRITICAL - 2023-04-14 02:23:31 --> The framework needs the following extension(s) installed and loaded: intl.
in SYSTEMPATH/CodeIgniter.php on line 226.
 1 SYSTEMPATH/CodeIgniter.php(226): CodeIgniter\Exceptions\FrameworkException::forMissingExtension('intl')
 2 SYSTEMPATH/CodeIgniter.php(190): CodeIgniter\CodeIgniter->resolvePlatformExtensions()
 3 FCPATH/index.php(55): CodeIgniter\CodeIgniter->initialize()
CRITICAL - 2023-04-14 02:23:31 --> The framework needs the following extension(s) installed and loaded: intl.
in SYSTEMPATH/CodeIgniter.php on line 226.
 1 SYSTEMPATH/CodeIgniter.php(226): CodeIgniter\Exceptions\FrameworkException::forMissingExtension('intl')
 2 SYSTEMPATH/CodeIgniter.php(190): CodeIgniter\CodeIgniter->resolvePlatformExtensions()
 3 FCPATH/index.php(55): CodeIgniter\CodeIgniter->initialize()
CRITICAL - 2023-04-14 02:23:31 --> The framework needs the following extension(s) installed and loaded: intl.
in SYSTEMPATH/CodeIgniter.php on line 226.
 1 SYSTEMPATH/CodeIgniter.php(226): CodeIgniter\Exceptions\FrameworkException::forMissingExtension('intl')
 2 SYSTEMPATH/CodeIgniter.php(190): CodeIgniter\CodeIgniter->resolvePlatformExtensions()
 3 FCPATH/index.php(55): CodeIgniter\CodeIgniter->initialize()
CRITICAL - 2023-04-14 02:23:31 --> The framework needs the following extension(s) installed and loaded: intl.
in SYSTEMPATH/CodeIgniter.php on line 226.
 1 SYSTEMPATH/CodeIgniter.php(226): CodeIgniter\Exceptions\FrameworkException::forMissingExtension('intl')
 2 SYSTEMPATH/CodeIgniter.php(190): CodeIgniter\CodeIgniter->resolvePlatformExtensions()
 3 FCPATH/index.php(55): CodeIgniter\CodeIgniter->initialize()
CRITICAL - 2023-04-14 02:23:32 --> The framework needs the following extension(s) installed and loaded: intl.
in SYSTEMPATH/CodeIgniter.php on line 226.
 1 SYSTEMPATH/CodeIgniter.php(226): CodeIgniter\Exceptions\FrameworkException::forMissingExtension('intl')
 2 SYSTEMPATH/CodeIgniter.php(190): CodeIgniter\CodeIgniter->resolvePlatformExtensions()
 3 FCPATH/index.php(55): CodeIgniter\CodeIgniter->initialize()
CRITICAL - 2023-04-14 02:25:01 --> The framework needs the following extension(s) installed and loaded: intl.
in SYSTEMPATH/CodeIgniter.php on line 226.
 1 SYSTEMPATH/CodeIgniter.php(226): CodeIgniter\Exceptions\FrameworkException::forMissingExtension('intl')
 2 SYSTEMPATH/CodeIgniter.php(190): CodeIgniter\CodeIgniter->resolvePlatformExtensions()
 3 FCPATH/index.php(55): CodeIgniter\CodeIgniter->initialize()
CRITICAL - 2023-04-14 02:26:32 --> The framework needs the following extension(s) installed and loaded: intl.
in SYSTEMPATH/CodeIgniter.php on line 226.
 1 SYSTEMPATH/CodeIgniter.php(226): CodeIgniter\Exceptions\FrameworkException::forMissingExtension('intl')
 2 SYSTEMPATH/CodeIgniter.php(190): CodeIgniter\CodeIgniter->resolvePlatformExtensions()
 3 FCPATH/index.php(55): CodeIgniter\CodeIgniter->initialize()
CRITICAL - 2023-04-14 02:26:43 --> The framework needs the following extension(s) installed and loaded: intl.
in SYSTEMPATH/CodeIgniter.php on line 226.
 1 SYSTEMPATH/CodeIgniter.php(226): CodeIgniter\Exceptions\FrameworkException::forMissingExtension('intl')
 2 SYSTEMPATH/CodeIgniter.php(190): CodeIgniter\CodeIgniter->resolvePlatformExtensions()
 3 FCPATH/index.php(55): CodeIgniter\CodeIgniter->initialize()
CRITICAL - 2023-04-14 02:27:30 --> The framework needs the following extension(s) installed and loaded: intl.
in SYSTEMPATH/CodeIgniter.php on line 226.
 1 SYSTEMPATH/CodeIgniter.php(226): CodeIgniter\Exceptions\FrameworkException::forMissingExtension('intl')
 2 SYSTEMPATH/CodeIgniter.php(190): CodeIgniter\CodeIgniter->resolvePlatformExtensions()
 3 FCPATH/index.php(55): CodeIgniter\CodeIgniter->initialize()
CRITICAL - 2023-04-14 02:27:48 --> The framework needs the following extension(s) installed and loaded: intl.
in SYSTEMPATH/CodeIgniter.php on line 226.
 1 SYSTEMPATH/CodeIgniter.php(226): CodeIgniter\Exceptions\FrameworkException::forMissingExtension('intl')
 2 SYSTEMPATH/CodeIgniter.php(190): CodeIgniter\CodeIgniter->resolvePlatformExtensions()
 3 FCPATH/index.php(55): CodeIgniter\CodeIgniter->initialize()
CRITICAL - 2023-04-14 02:31:14 --> The framework needs the following extension(s) installed and loaded: intl.
in SYSTEMPATH/CodeIgniter.php on line 226.
 1 SYSTEMPATH/CodeIgniter.php(226): CodeIgniter\Exceptions\FrameworkException::forMissingExtension('intl')
 2 SYSTEMPATH/CodeIgniter.php(190): CodeIgniter\CodeIgniter->resolvePlatformExtensions()
 3 FCPATH/index.php(55): CodeIgniter\CodeIgniter->initialize()
CRITICAL - 2023-04-14 02:31:15 --> The framework needs the following extension(s) installed and loaded: intl.
in SYSTEMPATH/CodeIgniter.php on line 226.
 1 SYSTEMPATH/CodeIgniter.php(226): CodeIgniter\Exceptions\FrameworkException::forMissingExtension('intl')
 2 SYSTEMPATH/CodeIgniter.php(190): CodeIgniter\CodeIgniter->resolvePlatformExtensions()
 3 FCPATH/index.php(55): CodeIgniter\CodeIgniter->initialize()
CRITICAL - 2023-04-14 02:31:30 --> The framework needs the following extension(s) installed and loaded: intl.
in SYSTEMPATH/CodeIgniter.php on line 226.
 1 SYSTEMPATH/CodeIgniter.php(226): CodeIgniter\Exceptions\FrameworkException::forMissingExtension('intl')
 2 SYSTEMPATH/CodeIgniter.php(190): CodeIgniter\CodeIgniter->resolvePlatformExtensions()
 3 FCPATH/index.php(55): CodeIgniter\CodeIgniter->initialize()
CRITICAL - 2023-04-14 02:31:37 --> The framework needs the following extension(s) installed and loaded: intl.
in SYSTEMPATH/CodeIgniter.php on line 226.
 1 SYSTEMPATH/CodeIgniter.php(226): CodeIgniter\Exceptions\FrameworkException::forMissingExtension('intl')
 2 SYSTEMPATH/CodeIgniter.php(190): CodeIgniter\CodeIgniter->resolvePlatformExtensions()
 3 FCPATH/index.php(55): CodeIgniter\CodeIgniter->initialize()
CRITICAL - 2023-04-14 02:37:25 --> Class "Locale" not found
in SYSTEMPATH/CodeIgniter.php on line 194.
 1 FCPATH/index.php(55): CodeIgniter\CodeIgniter->initialize()
CRITICAL - 2023-04-14 03:09:27 --> Class "Locale" not found
in SYSTEMPATH/CodeIgniter.php on line 194.
 1 FCPATH/index.php(55): CodeIgniter\CodeIgniter->initialize()
CRITICAL - 2023-04-14 22:26:01 --> Class "Locale" not found
in SYSTEMPATH/CodeIgniter.php on line 194.
 1 FCPATH/index.php(55): CodeIgniter\CodeIgniter->initialize()
CRITICAL - 2023-04-14 22:26:07 --> Class "Locale" not found
in SYSTEMPATH/CodeIgniter.php on line 194.
 1 FCPATH/index.php(55): CodeIgniter\CodeIgniter->initialize()
CRITICAL - 2023-04-14 22:28:29 --> Class "Locale" not found
in SYSTEMPATH/CodeIgniter.php on line 194.
 1 FCPATH/index.php(55): CodeIgniter\CodeIgniter->initialize()
