CRITICAL - 2023-05-19 14:42:59 --> Cache unable to write to "/Applications/MAMP/htdocs/CasaMarkitos/writable/cache/".
in SYSTEMPATH/Cache/Handlers/FileHandler.php on line 62.
 1 SYSTEMPATH/Cache/Handlers/FileHandler.php(62): CodeIgniter\Cache\Exceptions\CacheException::forUnableToWrite('/Applications/MAMP/htdocs/CasaMarkitos/writable/cache/')
 2 SYSTEMPATH/Cache/CacheFactory.php(60): CodeIgniter\Cache\Handlers\FileHandler->__construct(Object(Config\Cache))
 3 SYSTEMPATH/Config/Services.php(115): CodeIgniter\Cache\CacheFactory::getHandler(Object(Config\Cache))
 4 SYSTEMPATH/Config/BaseService.php(252): CodeIgniter\Config\Services::cache(Object(Config\Cache), false)
 5 SYSTEMPATH/Config/BaseService.php(193): CodeIgniter\Config\BaseService::__callStatic('cache', [...])
 6 SYSTEMPATH/Config/Services.php(110): CodeIgniter\Config\BaseService::getSharedInstance('cache', null)
 7 SYSTEMPATH/Config/BaseService.php(252): CodeIgniter\Config\Services::cache()
 8 SYSTEMPATH/Common.php(73): CodeIgniter\Config\BaseService::__callStatic('cache', [])
 9 SYSTEMPATH/CodeIgniter.php(696): cache()
10 SYSTEMPATH/CodeIgniter.php(355): CodeIgniter\CodeIgniter->displayCache(Object(Config\Cache))
11 FCPATH/index.php(67): CodeIgniter\CodeIgniter->run()
CRITICAL - 2023-05-19 14:43:04 --> Cache unable to write to "/Applications/MAMP/htdocs/CasaMarkitos/writable/cache/".
in SYSTEMPATH/Cache/Handlers/FileHandler.php on line 62.
 1 SYSTEMPATH/Cache/Handlers/FileHandler.php(62): CodeIgniter\Cache\Exceptions\CacheException::forUnableToWrite('/Applications/MAMP/htdocs/CasaMarkitos/writable/cache/')
 2 SYSTEMPATH/Cache/CacheFactory.php(60): CodeIgniter\Cache\Handlers\FileHandler->__construct(Object(Config\Cache))
 3 SYSTEMPATH/Config/Services.php(115): CodeIgniter\Cache\CacheFactory::getHandler(Object(Config\Cache))
 4 SYSTEMPATH/Config/BaseService.php(252): CodeIgniter\Config\Services::cache(Object(Config\Cache), false)
 5 SYSTEMPATH/Config/BaseService.php(193): CodeIgniter\Config\BaseService::__callStatic('cache', [...])
 6 SYSTEMPATH/Config/Services.php(110): CodeIgniter\Config\BaseService::getSharedInstance('cache', null)
 7 SYSTEMPATH/Config/BaseService.php(252): CodeIgniter\Config\Services::cache()
 8 SYSTEMPATH/Common.php(73): CodeIgniter\Config\BaseService::__callStatic('cache', [])
 9 SYSTEMPATH/CodeIgniter.php(696): cache()
10 SYSTEMPATH/CodeIgniter.php(355): CodeIgniter\CodeIgniter->displayCache(Object(Config\Cache))
11 FCPATH/index.php(67): CodeIgniter\CodeIgniter->run()
