INFO - 2023-06-13 00:43:20 --> Session: Class initialized using 'CodeIgniter\Session\Handlers\FileHandler' driver.
INFO - 2023-06-13 00:43:20 --> Cart Class Initialized
INFO - 2023-06-13 00:44:15 --> Session: Class initialized using 'CodeIgniter\Session\Handlers\FileHandler' driver.
INFO - 2023-06-13 00:44:15 --> Cart Class Initialized
INFO - 2023-06-13 00:44:17 --> Session: Class initialized using 'CodeIgniter\Session\Handlers\FileHandler' driver.
INFO - 2023-06-13 00:44:17 --> Cart Class Initialized
INFO - 2023-06-13 00:44:23 --> Session: Class initialized using 'CodeIgniter\Session\Handlers\FileHandler' driver.
INFO - 2023-06-13 00:44:23 --> Cart Class Initialized
INFO - 2023-06-13 00:44:50 --> Session: Class initialized using 'CodeIgniter\Session\Handlers\FileHandler' driver.
INFO - 2023-06-13 00:44:50 --> Cart Class Initialized
INFO - 2023-06-13 00:44:52 --> Session: Class initialized using 'CodeIgniter\Session\Handlers\FileHandler' driver.
INFO - 2023-06-13 00:44:52 --> Cart Class Initialized
INFO - 2023-06-13 00:44:57 --> Session: Class initialized using 'CodeIgniter\Session\Handlers\FileHandler' driver.
INFO - 2023-06-13 00:44:57 --> Cart Class Initialized
INFO - 2023-06-13 00:45:26 --> Session: Class initialized using 'CodeIgniter\Session\Handlers\FileHandler' driver.
INFO - 2023-06-13 00:45:26 --> Cart Class Initialized
INFO - 2023-06-13 00:45:28 --> Session: Class initialized using 'CodeIgniter\Session\Handlers\FileHandler' driver.
INFO - 2023-06-13 00:45:28 --> Cart Class Initialized
INFO - 2023-06-13 00:46:47 --> Session: Class initialized using 'CodeIgniter\Session\Handlers\FileHandler' driver.
INFO - 2023-06-13 00:46:47 --> Cart Class Initialized
CRITICAL - 2023-06-13 00:46:47 --> Call to a member function where() on array
in APPPATH\Controllers\VentasController.php on line 30.
 1 SYSTEMPATH\CodeIgniter.php(934): App\Controllers\VentasController->registrar_venta()
 2 SYSTEMPATH\CodeIgniter.php(499): CodeIgniter\CodeIgniter->runController(Object(App\Controllers\VentasController))
 3 SYSTEMPATH\CodeIgniter.php(368): CodeIgniter\CodeIgniter->handleRequest(null, Object(Config\Cache), false)
 4 FCPATH\index.php(67): CodeIgniter\CodeIgniter->run()
INFO - 2023-06-13 00:46:49 --> Session: Class initialized using 'CodeIgniter\Session\Handlers\FileHandler' driver.
INFO - 2023-06-13 00:46:49 --> Cart Class Initialized
INFO - 2023-06-13 00:46:51 --> Session: Class initialized using 'CodeIgniter\Session\Handlers\FileHandler' driver.
INFO - 2023-06-13 00:46:51 --> Cart Class Initialized
CRITICAL - 2023-06-13 00:46:51 --> Call to a member function where() on array
in APPPATH\Controllers\VentasController.php on line 30.
 1 SYSTEMPATH\CodeIgniter.php(934): App\Controllers\VentasController->registrar_venta()
 2 SYSTEMPATH\CodeIgniter.php(499): CodeIgniter\CodeIgniter->runController(Object(App\Controllers\VentasController))
 3 SYSTEMPATH\CodeIgniter.php(368): CodeIgniter\CodeIgniter->handleRequest(null, Object(Config\Cache), false)
 4 FCPATH\index.php(67): CodeIgniter\CodeIgniter->run()
INFO - 2023-06-13 00:51:15 --> Session: Class initialized using 'CodeIgniter\Session\Handlers\FileHandler' driver.
INFO - 2023-06-13 00:51:15 --> Cart Class Initialized
INFO - 2023-06-13 00:51:17 --> Session: Class initialized using 'CodeIgniter\Session\Handlers\FileHandler' driver.
INFO - 2023-06-13 00:51:17 --> Cart Class Initialized
INFO - 2023-06-13 00:51:19 --> Session: Class initialized using 'CodeIgniter\Session\Handlers\FileHandler' driver.
INFO - 2023-06-13 00:51:19 --> Cart Class Initialized
CRITICAL - 2023-06-13 00:51:19 --> Call to a member function where() on array
in APPPATH\Controllers\VentasController.php on line 30.
 1 SYSTEMPATH\CodeIgniter.php(934): App\Controllers\VentasController->registrar_venta()
 2 SYSTEMPATH\CodeIgniter.php(499): CodeIgniter\CodeIgniter->runController(Object(App\Controllers\VentasController))
 3 SYSTEMPATH\CodeIgniter.php(368): CodeIgniter\CodeIgniter->handleRequest(null, Object(Config\Cache), false)
 4 FCPATH\index.php(67): CodeIgniter\CodeIgniter->run()
INFO - 2023-06-13 00:52:42 --> Session: Class initialized using 'CodeIgniter\Session\Handlers\FileHandler' driver.
INFO - 2023-06-13 00:52:42 --> Cart Class Initialized
ERROR - 2023-06-13 00:52:42 --> mysqli_sql_exception: Column 'id_cliente' cannot be null in C:\xampp\htdocs\CasaMarkitos\system\Database\MySQLi\Connection.php:295
Stack trace:
#0 C:\xampp\htdocs\CasaMarkitos\system\Database\MySQLi\Connection.php(295): mysqli->query('INSERT INTO `ve...', 0)
#1 C:\xampp\htdocs\CasaMarkitos\system\Database\BaseConnection.php(691): CodeIgniter\Database\MySQLi\Connection->execute('INSERT INTO `ve...')
#2 C:\xampp\htdocs\CasaMarkitos\system\Database\BaseConnection.php(605): CodeIgniter\Database\BaseConnection->simpleQuery('INSERT INTO `ve...')
#3 C:\xampp\htdocs\CasaMarkitos\system\Database\BaseBuilder.php(2309): CodeIgniter\Database\BaseConnection->query('INSERT INTO `ve...', Array, false)
#4 C:\xampp\htdocs\CasaMarkitos\system\Model.php(330): CodeIgniter\Database\BaseBuilder->insert()
#5 C:\xampp\htdocs\CasaMarkitos\system\BaseModel.php(782): CodeIgniter\Model->doInsert(Array)
#6 C:\xampp\htdocs\CasaMarkitos\system\Model.php(730): CodeIgniter\BaseModel->insert(Array, true)
#7 C:\xampp\htdocs\CasaMarkitos\app\Controllers\VentasController.php(43): CodeIgniter\Model->insert(Array)
#8 C:\xampp\htdocs\CasaMarkitos\system\CodeIgniter.php(934): App\Controllers\VentasController->registrar_venta()
#9 C:\xampp\htdocs\CasaMarkitos\system\CodeIgniter.php(499): CodeIgniter\CodeIgniter->runController(Object(App\Controllers\VentasController))
#10 C:\xampp\htdocs\CasaMarkitos\system\CodeIgniter.php(368): CodeIgniter\CodeIgniter->handleRequest(NULL, Object(Config\Cache), false)
#11 C:\xampp\htdocs\CasaMarkitos\index.php(67): CodeIgniter\CodeIgniter->run()
#12 {main}
CRITICAL - 2023-06-13 00:52:42 --> Column 'id_cliente' cannot be null
in SYSTEMPATH\Database\MySQLi\Connection.php on line 295.
 1 SYSTEMPATH\Database\MySQLi\Connection.php(295): mysqli->query('INSERT INTO `venta` (`id_cliente`, `fecha_venta`, `total_venta`) VALUES (NULL, \'2023-06-13\', 15000)', 0)
 2 SYSTEMPATH\Database\BaseConnection.php(691): CodeIgniter\Database\MySQLi\Connection->execute('INSERT INTO `venta` (`id_cliente`, `fecha_venta`, `total_venta`) VALUES (NULL, \'2023-06-13\', 15000)')
 3 SYSTEMPATH\Database\BaseConnection.php(605): CodeIgniter\Database\BaseConnection->simpleQuery('INSERT INTO `venta` (`id_cliente`, `fecha_venta`, `total_venta`) VALUES (NULL, \'2023-06-13\', 15000)')
 4 SYSTEMPATH\Database\BaseBuilder.php(2309): CodeIgniter\Database\BaseConnection->query('INSERT INTO `venta` (`id_cliente`, `fecha_venta`, `total_venta`) VALUES (:id_cliente:, :fecha_venta:, :total_venta:)', [...], false)
 5 SYSTEMPATH\Model.php(330): CodeIgniter\Database\BaseBuilder->insert()
 6 SYSTEMPATH\BaseModel.php(782): CodeIgniter\Model->doInsert([...])
 7 SYSTEMPATH\Model.php(730): CodeIgniter\BaseModel->insert([...], true)
 8 APPPATH\Controllers\VentasController.php(43): CodeIgniter\Model->insert([...])
 9 SYSTEMPATH\CodeIgniter.php(934): App\Controllers\VentasController->registrar_venta()
10 SYSTEMPATH\CodeIgniter.php(499): CodeIgniter\CodeIgniter->runController(Object(App\Controllers\VentasController))
11 SYSTEMPATH\CodeIgniter.php(368): CodeIgniter\CodeIgniter->handleRequest(null, Object(Config\Cache), false)
12 FCPATH\index.php(67): CodeIgniter\CodeIgniter->run()
INFO - 2023-06-13 00:54:50 --> Session: Class initialized using 'CodeIgniter\Session\Handlers\FileHandler' driver.
INFO - 2023-06-13 00:54:50 --> Cart Class Initialized
ERROR - 2023-06-13 00:54:50 --> mysqli_sql_exception: Column 'id_cliente' cannot be null in C:\xampp\htdocs\CasaMarkitos\system\Database\MySQLi\Connection.php:295
Stack trace:
#0 C:\xampp\htdocs\CasaMarkitos\system\Database\MySQLi\Connection.php(295): mysqli->query('INSERT INTO `ve...', 0)
#1 C:\xampp\htdocs\CasaMarkitos\system\Database\BaseConnection.php(691): CodeIgniter\Database\MySQLi\Connection->execute('INSERT INTO `ve...')
#2 C:\xampp\htdocs\CasaMarkitos\system\Database\BaseConnection.php(605): CodeIgniter\Database\BaseConnection->simpleQuery('INSERT INTO `ve...')
#3 C:\xampp\htdocs\CasaMarkitos\system\Database\BaseBuilder.php(2309): CodeIgniter\Database\BaseConnection->query('INSERT INTO `ve...', Array, false)
#4 C:\xampp\htdocs\CasaMarkitos\system\Model.php(330): CodeIgniter\Database\BaseBuilder->insert()
#5 C:\xampp\htdocs\CasaMarkitos\system\BaseModel.php(782): CodeIgniter\Model->doInsert(Array)
#6 C:\xampp\htdocs\CasaMarkitos\system\Model.php(730): CodeIgniter\BaseModel->insert(Array, true)
#7 C:\xampp\htdocs\CasaMarkitos\app\Controllers\VentasController.php(43): CodeIgniter\Model->insert(Array)
#8 C:\xampp\htdocs\CasaMarkitos\system\CodeIgniter.php(934): App\Controllers\VentasController->registrar_venta()
#9 C:\xampp\htdocs\CasaMarkitos\system\CodeIgniter.php(499): CodeIgniter\CodeIgniter->runController(Object(App\Controllers\VentasController))
#10 C:\xampp\htdocs\CasaMarkitos\system\CodeIgniter.php(368): CodeIgniter\CodeIgniter->handleRequest(NULL, Object(Config\Cache), false)
#11 C:\xampp\htdocs\CasaMarkitos\index.php(67): CodeIgniter\CodeIgniter->run()
#12 {main}
CRITICAL - 2023-06-13 00:54:50 --> Column 'id_cliente' cannot be null
in SYSTEMPATH\Database\MySQLi\Connection.php on line 295.
 1 SYSTEMPATH\Database\MySQLi\Connection.php(295): mysqli->query('INSERT INTO `venta` (`id_cliente`, `fecha_venta`, `total_venta`) VALUES (NULL, \'2023-06-13\', 15000)', 0)
 2 SYSTEMPATH\Database\BaseConnection.php(691): CodeIgniter\Database\MySQLi\Connection->execute('INSERT INTO `venta` (`id_cliente`, `fecha_venta`, `total_venta`) VALUES (NULL, \'2023-06-13\', 15000)')
 3 SYSTEMPATH\Database\BaseConnection.php(605): CodeIgniter\Database\BaseConnection->simpleQuery('INSERT INTO `venta` (`id_cliente`, `fecha_venta`, `total_venta`) VALUES (NULL, \'2023-06-13\', 15000)')
 4 SYSTEMPATH\Database\BaseBuilder.php(2309): CodeIgniter\Database\BaseConnection->query('INSERT INTO `venta` (`id_cliente`, `fecha_venta`, `total_venta`) VALUES (:id_cliente:, :fecha_venta:, :total_venta:)', [...], false)
 5 SYSTEMPATH\Model.php(330): CodeIgniter\Database\BaseBuilder->insert()
 6 SYSTEMPATH\BaseModel.php(782): CodeIgniter\Model->doInsert([...])
 7 SYSTEMPATH\Model.php(730): CodeIgniter\BaseModel->insert([...], true)
 8 APPPATH\Controllers\VentasController.php(43): CodeIgniter\Model->insert([...])
 9 SYSTEMPATH\CodeIgniter.php(934): App\Controllers\VentasController->registrar_venta()
10 SYSTEMPATH\CodeIgniter.php(499): CodeIgniter\CodeIgniter->runController(Object(App\Controllers\VentasController))
11 SYSTEMPATH\CodeIgniter.php(368): CodeIgniter\CodeIgniter->handleRequest(null, Object(Config\Cache), false)
12 FCPATH\index.php(67): CodeIgniter\CodeIgniter->run()
INFO - 2023-06-13 00:54:53 --> Session: Class initialized using 'CodeIgniter\Session\Handlers\FileHandler' driver.
INFO - 2023-06-13 00:54:53 --> Cart Class Initialized
INFO - 2023-06-13 00:54:54 --> Session: Class initialized using 'CodeIgniter\Session\Handlers\FileHandler' driver.
INFO - 2023-06-13 00:54:54 --> Cart Class Initialized
ERROR - 2023-06-13 00:54:54 --> mysqli_sql_exception: Column 'id_cliente' cannot be null in C:\xampp\htdocs\CasaMarkitos\system\Database\MySQLi\Connection.php:295
Stack trace:
#0 C:\xampp\htdocs\CasaMarkitos\system\Database\MySQLi\Connection.php(295): mysqli->query('INSERT INTO `ve...', 0)
#1 C:\xampp\htdocs\CasaMarkitos\system\Database\BaseConnection.php(691): CodeIgniter\Database\MySQLi\Connection->execute('INSERT INTO `ve...')
#2 C:\xampp\htdocs\CasaMarkitos\system\Database\BaseConnection.php(605): CodeIgniter\Database\BaseConnection->simpleQuery('INSERT INTO `ve...')
#3 C:\xampp\htdocs\CasaMarkitos\system\Database\BaseBuilder.php(2309): CodeIgniter\Database\BaseConnection->query('INSERT INTO `ve...', Array, false)
#4 C:\xampp\htdocs\CasaMarkitos\system\Model.php(330): CodeIgniter\Database\BaseBuilder->insert()
#5 C:\xampp\htdocs\CasaMarkitos\system\BaseModel.php(782): CodeIgniter\Model->doInsert(Array)
#6 C:\xampp\htdocs\CasaMarkitos\system\Model.php(730): CodeIgniter\BaseModel->insert(Array, true)
#7 C:\xampp\htdocs\CasaMarkitos\app\Controllers\VentasController.php(43): CodeIgniter\Model->insert(Array)
#8 C:\xampp\htdocs\CasaMarkitos\system\CodeIgniter.php(934): App\Controllers\VentasController->registrar_venta()
#9 C:\xampp\htdocs\CasaMarkitos\system\CodeIgniter.php(499): CodeIgniter\CodeIgniter->runController(Object(App\Controllers\VentasController))
#10 C:\xampp\htdocs\CasaMarkitos\system\CodeIgniter.php(368): CodeIgniter\CodeIgniter->handleRequest(NULL, Object(Config\Cache), false)
#11 C:\xampp\htdocs\CasaMarkitos\index.php(67): CodeIgniter\CodeIgniter->run()
#12 {main}
CRITICAL - 2023-06-13 00:54:54 --> Column 'id_cliente' cannot be null
in SYSTEMPATH\Database\MySQLi\Connection.php on line 295.
 1 SYSTEMPATH\Database\MySQLi\Connection.php(295): mysqli->query('INSERT INTO `venta` (`id_cliente`, `fecha_venta`, `total_venta`) VALUES (NULL, \'2023-06-13\', 15000)', 0)
 2 SYSTEMPATH\Database\BaseConnection.php(691): CodeIgniter\Database\MySQLi\Connection->execute('INSERT INTO `venta` (`id_cliente`, `fecha_venta`, `total_venta`) VALUES (NULL, \'2023-06-13\', 15000)')
 3 SYSTEMPATH\Database\BaseConnection.php(605): CodeIgniter\Database\BaseConnection->simpleQuery('INSERT INTO `venta` (`id_cliente`, `fecha_venta`, `total_venta`) VALUES (NULL, \'2023-06-13\', 15000)')
 4 SYSTEMPATH\Database\BaseBuilder.php(2309): CodeIgniter\Database\BaseConnection->query('INSERT INTO `venta` (`id_cliente`, `fecha_venta`, `total_venta`) VALUES (:id_cliente:, :fecha_venta:, :total_venta:)', [...], false)
 5 SYSTEMPATH\Model.php(330): CodeIgniter\Database\BaseBuilder->insert()
 6 SYSTEMPATH\BaseModel.php(782): CodeIgniter\Model->doInsert([...])
 7 SYSTEMPATH\Model.php(730): CodeIgniter\BaseModel->insert([...], true)
 8 APPPATH\Controllers\VentasController.php(43): CodeIgniter\Model->insert([...])
 9 SYSTEMPATH\CodeIgniter.php(934): App\Controllers\VentasController->registrar_venta()
10 SYSTEMPATH\CodeIgniter.php(499): CodeIgniter\CodeIgniter->runController(Object(App\Controllers\VentasController))
11 SYSTEMPATH\CodeIgniter.php(368): CodeIgniter\CodeIgniter->handleRequest(null, Object(Config\Cache), false)
12 FCPATH\index.php(67): CodeIgniter\CodeIgniter->run()
INFO - 2023-06-13 00:55:49 --> Session: Class initialized using 'CodeIgniter\Session\Handlers\FileHandler' driver.
INFO - 2023-06-13 00:55:49 --> Cart Class Initialized
ERROR - 2023-06-13 00:55:49 --> mysqli_sql_exception: Column 'id_cliente' cannot be null in C:\xampp\htdocs\CasaMarkitos\system\Database\MySQLi\Connection.php:295
Stack trace:
#0 C:\xampp\htdocs\CasaMarkitos\system\Database\MySQLi\Connection.php(295): mysqli->query('INSERT INTO `ve...', 0)
#1 C:\xampp\htdocs\CasaMarkitos\system\Database\BaseConnection.php(691): CodeIgniter\Database\MySQLi\Connection->execute('INSERT INTO `ve...')
#2 C:\xampp\htdocs\CasaMarkitos\system\Database\BaseConnection.php(605): CodeIgniter\Database\BaseConnection->simpleQuery('INSERT INTO `ve...')
#3 C:\xampp\htdocs\CasaMarkitos\system\Database\BaseBuilder.php(2309): CodeIgniter\Database\BaseConnection->query('INSERT INTO `ve...', Array, false)
#4 C:\xampp\htdocs\CasaMarkitos\system\Model.php(330): CodeIgniter\Database\BaseBuilder->insert()
#5 C:\xampp\htdocs\CasaMarkitos\system\BaseModel.php(782): CodeIgniter\Model->doInsert(Array)
#6 C:\xampp\htdocs\CasaMarkitos\system\Model.php(730): CodeIgniter\BaseModel->insert(Array, true)
#7 C:\xampp\htdocs\CasaMarkitos\app\Controllers\VentasController.php(43): CodeIgniter\Model->insert(Array)
#8 C:\xampp\htdocs\CasaMarkitos\system\CodeIgniter.php(934): App\Controllers\VentasController->registrar_venta()
#9 C:\xampp\htdocs\CasaMarkitos\system\CodeIgniter.php(499): CodeIgniter\CodeIgniter->runController(Object(App\Controllers\VentasController))
#10 C:\xampp\htdocs\CasaMarkitos\system\CodeIgniter.php(368): CodeIgniter\CodeIgniter->handleRequest(NULL, Object(Config\Cache), false)
#11 C:\xampp\htdocs\CasaMarkitos\index.php(67): CodeIgniter\CodeIgniter->run()
#12 {main}
CRITICAL - 2023-06-13 00:55:49 --> Column 'id_cliente' cannot be null
in SYSTEMPATH\Database\MySQLi\Connection.php on line 295.
 1 SYSTEMPATH\Database\MySQLi\Connection.php(295): mysqli->query('INSERT INTO `venta` (`id_cliente`, `fecha_venta`, `total_venta`) VALUES (NULL, \'2023-06-13\', 15000)', 0)
 2 SYSTEMPATH\Database\BaseConnection.php(691): CodeIgniter\Database\MySQLi\Connection->execute('INSERT INTO `venta` (`id_cliente`, `fecha_venta`, `total_venta`) VALUES (NULL, \'2023-06-13\', 15000)')
 3 SYSTEMPATH\Database\BaseConnection.php(605): CodeIgniter\Database\BaseConnection->simpleQuery('INSERT INTO `venta` (`id_cliente`, `fecha_venta`, `total_venta`) VALUES (NULL, \'2023-06-13\', 15000)')
 4 SYSTEMPATH\Database\BaseBuilder.php(2309): CodeIgniter\Database\BaseConnection->query('INSERT INTO `venta` (`id_cliente`, `fecha_venta`, `total_venta`) VALUES (:id_cliente:, :fecha_venta:, :total_venta:)', [...], false)
 5 SYSTEMPATH\Model.php(330): CodeIgniter\Database\BaseBuilder->insert()
 6 SYSTEMPATH\BaseModel.php(782): CodeIgniter\Model->doInsert([...])
 7 SYSTEMPATH\Model.php(730): CodeIgniter\BaseModel->insert([...], true)
 8 APPPATH\Controllers\VentasController.php(43): CodeIgniter\Model->insert([...])
 9 SYSTEMPATH\CodeIgniter.php(934): App\Controllers\VentasController->registrar_venta()
10 SYSTEMPATH\CodeIgniter.php(499): CodeIgniter\CodeIgniter->runController(Object(App\Controllers\VentasController))
11 SYSTEMPATH\CodeIgniter.php(368): CodeIgniter\CodeIgniter->handleRequest(null, Object(Config\Cache), false)
12 FCPATH\index.php(67): CodeIgniter\CodeIgniter->run()
INFO - 2023-06-13 00:55:57 --> Session: Class initialized using 'CodeIgniter\Session\Handlers\FileHandler' driver.
INFO - 2023-06-13 00:55:57 --> Cart Class Initialized
ERROR - 2023-06-13 00:55:57 --> mysqli_sql_exception: Column 'id_cliente' cannot be null in C:\xampp\htdocs\CasaMarkitos\system\Database\MySQLi\Connection.php:295
Stack trace:
#0 C:\xampp\htdocs\CasaMarkitos\system\Database\MySQLi\Connection.php(295): mysqli->query('INSERT INTO `ve...', 0)
#1 C:\xampp\htdocs\CasaMarkitos\system\Database\BaseConnection.php(691): CodeIgniter\Database\MySQLi\Connection->execute('INSERT INTO `ve...')
#2 C:\xampp\htdocs\CasaMarkitos\system\Database\BaseConnection.php(605): CodeIgniter\Database\BaseConnection->simpleQuery('INSERT INTO `ve...')
#3 C:\xampp\htdocs\CasaMarkitos\system\Database\BaseBuilder.php(2309): CodeIgniter\Database\BaseConnection->query('INSERT INTO `ve...', Array, false)
#4 C:\xampp\htdocs\CasaMarkitos\system\Model.php(330): CodeIgniter\Database\BaseBuilder->insert()
#5 C:\xampp\htdocs\CasaMarkitos\system\BaseModel.php(782): CodeIgniter\Model->doInsert(Array)
#6 C:\xampp\htdocs\CasaMarkitos\system\Model.php(730): CodeIgniter\BaseModel->insert(Array, true)
#7 C:\xampp\htdocs\CasaMarkitos\app\Controllers\VentasController.php(43): CodeIgniter\Model->insert(Array)
#8 C:\xampp\htdocs\CasaMarkitos\system\CodeIgniter.php(934): App\Controllers\VentasController->registrar_venta()
#9 C:\xampp\htdocs\CasaMarkitos\system\CodeIgniter.php(499): CodeIgniter\CodeIgniter->runController(Object(App\Controllers\VentasController))
#10 C:\xampp\htdocs\CasaMarkitos\system\CodeIgniter.php(368): CodeIgniter\CodeIgniter->handleRequest(NULL, Object(Config\Cache), false)
#11 C:\xampp\htdocs\CasaMarkitos\index.php(67): CodeIgniter\CodeIgniter->run()
#12 {main}
CRITICAL - 2023-06-13 00:55:57 --> Column 'id_cliente' cannot be null
in SYSTEMPATH\Database\MySQLi\Connection.php on line 295.
 1 SYSTEMPATH\Database\MySQLi\Connection.php(295): mysqli->query('INSERT INTO `venta` (`id_cliente`, `fecha_venta`, `total_venta`) VALUES (NULL, \'2023-06-13\', 15000)', 0)
 2 SYSTEMPATH\Database\BaseConnection.php(691): CodeIgniter\Database\MySQLi\Connection->execute('INSERT INTO `venta` (`id_cliente`, `fecha_venta`, `total_venta`) VALUES (NULL, \'2023-06-13\', 15000)')
 3 SYSTEMPATH\Database\BaseConnection.php(605): CodeIgniter\Database\BaseConnection->simpleQuery('INSERT INTO `venta` (`id_cliente`, `fecha_venta`, `total_venta`) VALUES (NULL, \'2023-06-13\', 15000)')
 4 SYSTEMPATH\Database\BaseBuilder.php(2309): CodeIgniter\Database\BaseConnection->query('INSERT INTO `venta` (`id_cliente`, `fecha_venta`, `total_venta`) VALUES (:id_cliente:, :fecha_venta:, :total_venta:)', [...], false)
 5 SYSTEMPATH\Model.php(330): CodeIgniter\Database\BaseBuilder->insert()
 6 SYSTEMPATH\BaseModel.php(782): CodeIgniter\Model->doInsert([...])
 7 SYSTEMPATH\Model.php(730): CodeIgniter\BaseModel->insert([...], true)
 8 APPPATH\Controllers\VentasController.php(43): CodeIgniter\Model->insert([...])
 9 SYSTEMPATH\CodeIgniter.php(934): App\Controllers\VentasController->registrar_venta()
10 SYSTEMPATH\CodeIgniter.php(499): CodeIgniter\CodeIgniter->runController(Object(App\Controllers\VentasController))
11 SYSTEMPATH\CodeIgniter.php(368): CodeIgniter\CodeIgniter->handleRequest(null, Object(Config\Cache), false)
12 FCPATH\index.php(67): CodeIgniter\CodeIgniter->run()
INFO - 2023-06-13 00:57:08 --> Session: Class initialized using 'CodeIgniter\Session\Handlers\FileHandler' driver.
INFO - 2023-06-13 00:57:08 --> Cart Class Initialized
INFO - 2023-06-13 00:57:09 --> Session: Class initialized using 'CodeIgniter\Session\Handlers\FileHandler' driver.
INFO - 2023-06-13 00:57:09 --> Cart Class Initialized
ERROR - 2023-06-13 00:57:09 --> mysqli_sql_exception: Column 'id_cliente' cannot be null in C:\xampp\htdocs\CasaMarkitos\system\Database\MySQLi\Connection.php:295
Stack trace:
#0 C:\xampp\htdocs\CasaMarkitos\system\Database\MySQLi\Connection.php(295): mysqli->query('INSERT INTO `ve...', 0)
#1 C:\xampp\htdocs\CasaMarkitos\system\Database\BaseConnection.php(691): CodeIgniter\Database\MySQLi\Connection->execute('INSERT INTO `ve...')
#2 C:\xampp\htdocs\CasaMarkitos\system\Database\BaseConnection.php(605): CodeIgniter\Database\BaseConnection->simpleQuery('INSERT INTO `ve...')
#3 C:\xampp\htdocs\CasaMarkitos\system\Database\BaseBuilder.php(2309): CodeIgniter\Database\BaseConnection->query('INSERT INTO `ve...', Array, false)
#4 C:\xampp\htdocs\CasaMarkitos\system\Model.php(330): CodeIgniter\Database\BaseBuilder->insert()
#5 C:\xampp\htdocs\CasaMarkitos\system\BaseModel.php(782): CodeIgniter\Model->doInsert(Array)
#6 C:\xampp\htdocs\CasaMarkitos\system\Model.php(730): CodeIgniter\BaseModel->insert(Array, true)
#7 C:\xampp\htdocs\CasaMarkitos\app\Controllers\VentasController.php(45): CodeIgniter\Model->insert(Array)
#8 C:\xampp\htdocs\CasaMarkitos\system\CodeIgniter.php(934): App\Controllers\VentasController->registrar_venta()
#9 C:\xampp\htdocs\CasaMarkitos\system\CodeIgniter.php(499): CodeIgniter\CodeIgniter->runController(Object(App\Controllers\VentasController))
#10 C:\xampp\htdocs\CasaMarkitos\system\CodeIgniter.php(368): CodeIgniter\CodeIgniter->handleRequest(NULL, Object(Config\Cache), false)
#11 C:\xampp\htdocs\CasaMarkitos\index.php(67): CodeIgniter\CodeIgniter->run()
#12 {main}
CRITICAL - 2023-06-13 00:57:09 --> Column 'id_cliente' cannot be null
in SYSTEMPATH\Database\MySQLi\Connection.php on line 295.
 1 SYSTEMPATH\Database\MySQLi\Connection.php(295): mysqli->query('INSERT INTO `venta` (`id_cliente`, `fecha_venta`, `total_venta`) VALUES (NULL, \'2023-06-13\', 15000)', 0)
 2 SYSTEMPATH\Database\BaseConnection.php(691): CodeIgniter\Database\MySQLi\Connection->execute('INSERT INTO `venta` (`id_cliente`, `fecha_venta`, `total_venta`) VALUES (NULL, \'2023-06-13\', 15000)')
 3 SYSTEMPATH\Database\BaseConnection.php(605): CodeIgniter\Database\BaseConnection->simpleQuery('INSERT INTO `venta` (`id_cliente`, `fecha_venta`, `total_venta`) VALUES (NULL, \'2023-06-13\', 15000)')
 4 SYSTEMPATH\Database\BaseBuilder.php(2309): CodeIgniter\Database\BaseConnection->query('INSERT INTO `venta` (`id_cliente`, `fecha_venta`, `total_venta`) VALUES (:id_cliente:, :fecha_venta:, :total_venta:)', [...], false)
 5 SYSTEMPATH\Model.php(330): CodeIgniter\Database\BaseBuilder->insert()
 6 SYSTEMPATH\BaseModel.php(782): CodeIgniter\Model->doInsert([...])
 7 SYSTEMPATH\Model.php(730): CodeIgniter\BaseModel->insert([...], true)
 8 APPPATH\Controllers\VentasController.php(45): CodeIgniter\Model->insert([...])
 9 SYSTEMPATH\CodeIgniter.php(934): App\Controllers\VentasController->registrar_venta()
10 SYSTEMPATH\CodeIgniter.php(499): CodeIgniter\CodeIgniter->runController(Object(App\Controllers\VentasController))
11 SYSTEMPATH\CodeIgniter.php(368): CodeIgniter\CodeIgniter->handleRequest(null, Object(Config\Cache), false)
12 FCPATH\index.php(67): CodeIgniter\CodeIgniter->run()
INFO - 2023-06-13 01:15:15 --> Session: Class initialized using 'CodeIgniter\Session\Handlers\FileHandler' driver.
INFO - 2023-06-13 01:15:15 --> Cart Class Initialized
INFO - 2023-06-13 01:15:17 --> Session: Class initialized using 'CodeIgniter\Session\Handlers\FileHandler' driver.
INFO - 2023-06-13 01:15:17 --> Cart Class Initialized
ERROR - 2023-06-13 01:15:17 --> mysqli_sql_exception: Column 'id_cliente' cannot be null in C:\xampp\htdocs\CasaMarkitos\system\Database\MySQLi\Connection.php:295
Stack trace:
#0 C:\xampp\htdocs\CasaMarkitos\system\Database\MySQLi\Connection.php(295): mysqli->query('INSERT INTO `ve...', 0)
#1 C:\xampp\htdocs\CasaMarkitos\system\Database\BaseConnection.php(691): CodeIgniter\Database\MySQLi\Connection->execute('INSERT INTO `ve...')
#2 C:\xampp\htdocs\CasaMarkitos\system\Database\BaseConnection.php(605): CodeIgniter\Database\BaseConnection->simpleQuery('INSERT INTO `ve...')
#3 C:\xampp\htdocs\CasaMarkitos\system\Database\BaseBuilder.php(2309): CodeIgniter\Database\BaseConnection->query('INSERT INTO `ve...', Array, false)
#4 C:\xampp\htdocs\CasaMarkitos\system\Model.php(330): CodeIgniter\Database\BaseBuilder->insert()
#5 C:\xampp\htdocs\CasaMarkitos\system\BaseModel.php(782): CodeIgniter\Model->doInsert(Array)
#6 C:\xampp\htdocs\CasaMarkitos\system\Model.php(730): CodeIgniter\BaseModel->insert(Array, true)
#7 C:\xampp\htdocs\CasaMarkitos\app\Controllers\VentasController.php(47): CodeIgniter\Model->insert(Array)
#8 C:\xampp\htdocs\CasaMarkitos\system\CodeIgniter.php(934): App\Controllers\VentasController->registrar_venta()
#9 C:\xampp\htdocs\CasaMarkitos\system\CodeIgniter.php(499): CodeIgniter\CodeIgniter->runController(Object(App\Controllers\VentasController))
#10 C:\xampp\htdocs\CasaMarkitos\system\CodeIgniter.php(368): CodeIgniter\CodeIgniter->handleRequest(NULL, Object(Config\Cache), false)
#11 C:\xampp\htdocs\CasaMarkitos\index.php(67): CodeIgniter\CodeIgniter->run()
#12 {main}
CRITICAL - 2023-06-13 01:15:17 --> Column 'id_cliente' cannot be null
in SYSTEMPATH\Database\MySQLi\Connection.php on line 295.
 1 SYSTEMPATH\Database\MySQLi\Connection.php(295): mysqli->query('INSERT INTO `venta` (`id_cliente`, `fecha_venta`, `total_venta`) VALUES (NULL, \'2023-06-13\', 15000)', 0)
 2 SYSTEMPATH\Database\BaseConnection.php(691): CodeIgniter\Database\MySQLi\Connection->execute('INSERT INTO `venta` (`id_cliente`, `fecha_venta`, `total_venta`) VALUES (NULL, \'2023-06-13\', 15000)')
 3 SYSTEMPATH\Database\BaseConnection.php(605): CodeIgniter\Database\BaseConnection->simpleQuery('INSERT INTO `venta` (`id_cliente`, `fecha_venta`, `total_venta`) VALUES (NULL, \'2023-06-13\', 15000)')
 4 SYSTEMPATH\Database\BaseBuilder.php(2309): CodeIgniter\Database\BaseConnection->query('INSERT INTO `venta` (`id_cliente`, `fecha_venta`, `total_venta`) VALUES (:id_cliente:, :fecha_venta:, :total_venta:)', [...], false)
 5 SYSTEMPATH\Model.php(330): CodeIgniter\Database\BaseBuilder->insert()
 6 SYSTEMPATH\BaseModel.php(782): CodeIgniter\Model->doInsert([...])
 7 SYSTEMPATH\Model.php(730): CodeIgniter\BaseModel->insert([...], true)
 8 APPPATH\Controllers\VentasController.php(47): CodeIgniter\Model->insert([...])
 9 SYSTEMPATH\CodeIgniter.php(934): App\Controllers\VentasController->registrar_venta()
10 SYSTEMPATH\CodeIgniter.php(499): CodeIgniter\CodeIgniter->runController(Object(App\Controllers\VentasController))
11 SYSTEMPATH\CodeIgniter.php(368): CodeIgniter\CodeIgniter->handleRequest(null, Object(Config\Cache), false)
12 FCPATH\index.php(67): CodeIgniter\CodeIgniter->run()
INFO - 2023-06-13 01:16:51 --> Session: Class initialized using 'CodeIgniter\Session\Handlers\FileHandler' driver.
INFO - 2023-06-13 01:16:51 --> Cart Class Initialized
ERROR - 2023-06-13 01:16:51 --> mysqli_sql_exception: Cannot add or update a child row: a foreign key constraint fails (`casamarkitos`.`venta`, CONSTRAINT `venta_ibfk_1` FOREIGN KEY (`id`) REFERENCES `detalle_venta` (`id_venta`) ON DELETE CASCADE ON UPDATE CASCADE) in C:\xampp\htdocs\CasaMarkitos\system\Database\MySQLi\Connection.php:295
Stack trace:
#0 C:\xampp\htdocs\CasaMarkitos\system\Database\MySQLi\Connection.php(295): mysqli->query('INSERT INTO `ve...', 0)
#1 C:\xampp\htdocs\CasaMarkitos\system\Database\BaseConnection.php(691): CodeIgniter\Database\MySQLi\Connection->execute('INSERT INTO `ve...')
#2 C:\xampp\htdocs\CasaMarkitos\system\Database\BaseConnection.php(605): CodeIgniter\Database\BaseConnection->simpleQuery('INSERT INTO `ve...')
#3 C:\xampp\htdocs\CasaMarkitos\system\Database\BaseBuilder.php(2309): CodeIgniter\Database\BaseConnection->query('INSERT INTO `ve...', Array, false)
#4 C:\xampp\htdocs\CasaMarkitos\system\Model.php(330): CodeIgniter\Database\BaseBuilder->insert()
#5 C:\xampp\htdocs\CasaMarkitos\system\BaseModel.php(782): CodeIgniter\Model->doInsert(Array)
#6 C:\xampp\htdocs\CasaMarkitos\system\Model.php(730): CodeIgniter\BaseModel->insert(Array, true)
#7 C:\xampp\htdocs\CasaMarkitos\app\Controllers\VentasController.php(47): CodeIgniter\Model->insert(Array)
#8 C:\xampp\htdocs\CasaMarkitos\system\CodeIgniter.php(934): App\Controllers\VentasController->registrar_venta()
#9 C:\xampp\htdocs\CasaMarkitos\system\CodeIgniter.php(499): CodeIgniter\CodeIgniter->runController(Object(App\Controllers\VentasController))
#10 C:\xampp\htdocs\CasaMarkitos\system\CodeIgniter.php(368): CodeIgniter\CodeIgniter->handleRequest(NULL, Object(Config\Cache), false)
#11 C:\xampp\htdocs\CasaMarkitos\index.php(67): CodeIgniter\CodeIgniter->run()
#12 {main}
CRITICAL - 2023-06-13 01:16:51 --> Cannot add or update a child row: a foreign key constraint fails (`casamarkitos`.`venta`, CONSTRAINT `venta_ibfk_1` FOREIGN KEY (`id`) REFERENCES `detalle_venta` (`id_venta`) ON DELETE CASCADE ON UPDATE CASCADE)
in SYSTEMPATH\Database\MySQLi\Connection.php on line 295.
 1 SYSTEMPATH\Database\MySQLi\Connection.php(295): mysqli->query('INSERT INTO `venta` (`id_cliente`, `fecha_venta`, `total_venta`) VALUES (\'12\', \'2023-06-13\', 15000)', 0)
 2 SYSTEMPATH\Database\BaseConnection.php(691): CodeIgniter\Database\MySQLi\Connection->execute('INSERT INTO `venta` (`id_cliente`, `fecha_venta`, `total_venta`) VALUES (\'12\', \'2023-06-13\', 15000)')
 3 SYSTEMPATH\Database\BaseConnection.php(605): CodeIgniter\Database\BaseConnection->simpleQuery('INSERT INTO `venta` (`id_cliente`, `fecha_venta`, `total_venta`) VALUES (\'12\', \'2023-06-13\', 15000)')
 4 SYSTEMPATH\Database\BaseBuilder.php(2309): CodeIgniter\Database\BaseConnection->query('INSERT INTO `venta` (`id_cliente`, `fecha_venta`, `total_venta`) VALUES (:id_cliente:, :fecha_venta:, :total_venta:)', [...], false)
 5 SYSTEMPATH\Model.php(330): CodeIgniter\Database\BaseBuilder->insert()
 6 SYSTEMPATH\BaseModel.php(782): CodeIgniter\Model->doInsert([...])
 7 SYSTEMPATH\Model.php(730): CodeIgniter\BaseModel->insert([...], true)
 8 APPPATH\Controllers\VentasController.php(47): CodeIgniter\Model->insert([...])
 9 SYSTEMPATH\CodeIgniter.php(934): App\Controllers\VentasController->registrar_venta()
10 SYSTEMPATH\CodeIgniter.php(499): CodeIgniter\CodeIgniter->runController(Object(App\Controllers\VentasController))
11 SYSTEMPATH\CodeIgniter.php(368): CodeIgniter\CodeIgniter->handleRequest(null, Object(Config\Cache), false)
12 FCPATH\index.php(67): CodeIgniter\CodeIgniter->run()
INFO - 2023-06-13 01:17:09 --> Session: Class initialized using 'CodeIgniter\Session\Handlers\FileHandler' driver.
INFO - 2023-06-13 01:17:09 --> Cart Class Initialized
INFO - 2023-06-13 01:17:11 --> Session: Class initialized using 'CodeIgniter\Session\Handlers\FileHandler' driver.
INFO - 2023-06-13 01:17:11 --> Cart Class Initialized
ERROR - 2023-06-13 01:17:11 --> mysqli_sql_exception: Cannot add or update a child row: a foreign key constraint fails (`casamarkitos`.`venta`, CONSTRAINT `venta_ibfk_1` FOREIGN KEY (`id`) REFERENCES `detalle_venta` (`id_venta`) ON DELETE CASCADE ON UPDATE CASCADE) in C:\xampp\htdocs\CasaMarkitos\system\Database\MySQLi\Connection.php:295
Stack trace:
#0 C:\xampp\htdocs\CasaMarkitos\system\Database\MySQLi\Connection.php(295): mysqli->query('INSERT INTO `ve...', 0)
#1 C:\xampp\htdocs\CasaMarkitos\system\Database\BaseConnection.php(691): CodeIgniter\Database\MySQLi\Connection->execute('INSERT INTO `ve...')
#2 C:\xampp\htdocs\CasaMarkitos\system\Database\BaseConnection.php(605): CodeIgniter\Database\BaseConnection->simpleQuery('INSERT INTO `ve...')
#3 C:\xampp\htdocs\CasaMarkitos\system\Database\BaseBuilder.php(2309): CodeIgniter\Database\BaseConnection->query('INSERT INTO `ve...', Array, false)
#4 C:\xampp\htdocs\CasaMarkitos\system\Model.php(330): CodeIgniter\Database\BaseBuilder->insert()
#5 C:\xampp\htdocs\CasaMarkitos\system\BaseModel.php(782): CodeIgniter\Model->doInsert(Array)
#6 C:\xampp\htdocs\CasaMarkitos\system\Model.php(730): CodeIgniter\BaseModel->insert(Array, true)
#7 C:\xampp\htdocs\CasaMarkitos\app\Controllers\VentasController.php(47): CodeIgniter\Model->insert(Array)
#8 C:\xampp\htdocs\CasaMarkitos\system\CodeIgniter.php(934): App\Controllers\VentasController->registrar_venta()
#9 C:\xampp\htdocs\CasaMarkitos\system\CodeIgniter.php(499): CodeIgniter\CodeIgniter->runController(Object(App\Controllers\VentasController))
#10 C:\xampp\htdocs\CasaMarkitos\system\CodeIgniter.php(368): CodeIgniter\CodeIgniter->handleRequest(NULL, Object(Config\Cache), false)
#11 C:\xampp\htdocs\CasaMarkitos\index.php(67): CodeIgniter\CodeIgniter->run()
#12 {main}
CRITICAL - 2023-06-13 01:17:11 --> Cannot add or update a child row: a foreign key constraint fails (`casamarkitos`.`venta`, CONSTRAINT `venta_ibfk_1` FOREIGN KEY (`id`) REFERENCES `detalle_venta` (`id_venta`) ON DELETE CASCADE ON UPDATE CASCADE)
in SYSTEMPATH\Database\MySQLi\Connection.php on line 295.
 1 SYSTEMPATH\Database\MySQLi\Connection.php(295): mysqli->query('INSERT INTO `venta` (`id_cliente`, `fecha_venta`, `total_venta`) VALUES (\'12\', \'2023-06-13\', 15000)', 0)
 2 SYSTEMPATH\Database\BaseConnection.php(691): CodeIgniter\Database\MySQLi\Connection->execute('INSERT INTO `venta` (`id_cliente`, `fecha_venta`, `total_venta`) VALUES (\'12\', \'2023-06-13\', 15000)')
 3 SYSTEMPATH\Database\BaseConnection.php(605): CodeIgniter\Database\BaseConnection->simpleQuery('INSERT INTO `venta` (`id_cliente`, `fecha_venta`, `total_venta`) VALUES (\'12\', \'2023-06-13\', 15000)')
 4 SYSTEMPATH\Database\BaseBuilder.php(2309): CodeIgniter\Database\BaseConnection->query('INSERT INTO `venta` (`id_cliente`, `fecha_venta`, `total_venta`) VALUES (:id_cliente:, :fecha_venta:, :total_venta:)', [...], false)
 5 SYSTEMPATH\Model.php(330): CodeIgniter\Database\BaseBuilder->insert()
 6 SYSTEMPATH\BaseModel.php(782): CodeIgniter\Model->doInsert([...])
 7 SYSTEMPATH\Model.php(730): CodeIgniter\BaseModel->insert([...], true)
 8 APPPATH\Controllers\VentasController.php(47): CodeIgniter\Model->insert([...])
 9 SYSTEMPATH\CodeIgniter.php(934): App\Controllers\VentasController->registrar_venta()
10 SYSTEMPATH\CodeIgniter.php(499): CodeIgniter\CodeIgniter->runController(Object(App\Controllers\VentasController))
11 SYSTEMPATH\CodeIgniter.php(368): CodeIgniter\CodeIgniter->handleRequest(null, Object(Config\Cache), false)
12 FCPATH\index.php(67): CodeIgniter\CodeIgniter->run()
INFO - 2023-06-13 01:17:37 --> Session: Class initialized using 'CodeIgniter\Session\Handlers\FileHandler' driver.
INFO - 2023-06-13 01:17:37 --> Cart Class Initialized
ERROR - 2023-06-13 01:17:37 --> mysqli_sql_exception: Column 'id_cliente' cannot be null in C:\xampp\htdocs\CasaMarkitos\system\Database\MySQLi\Connection.php:295
Stack trace:
#0 C:\xampp\htdocs\CasaMarkitos\system\Database\MySQLi\Connection.php(295): mysqli->query('INSERT INTO `ve...', 0)
#1 C:\xampp\htdocs\CasaMarkitos\system\Database\BaseConnection.php(691): CodeIgniter\Database\MySQLi\Connection->execute('INSERT INTO `ve...')
#2 C:\xampp\htdocs\CasaMarkitos\system\Database\BaseConnection.php(605): CodeIgniter\Database\BaseConnection->simpleQuery('INSERT INTO `ve...')
#3 C:\xampp\htdocs\CasaMarkitos\system\Database\BaseBuilder.php(2309): CodeIgniter\Database\BaseConnection->query('INSERT INTO `ve...', Array, false)
#4 C:\xampp\htdocs\CasaMarkitos\system\Model.php(330): CodeIgniter\Database\BaseBuilder->insert()
#5 C:\xampp\htdocs\CasaMarkitos\system\BaseModel.php(782): CodeIgniter\Model->doInsert(Array)
#6 C:\xampp\htdocs\CasaMarkitos\system\Model.php(730): CodeIgniter\BaseModel->insert(Array, true)
#7 C:\xampp\htdocs\CasaMarkitos\app\Controllers\VentasController.php(47): CodeIgniter\Model->insert(Array)
#8 C:\xampp\htdocs\CasaMarkitos\system\CodeIgniter.php(934): App\Controllers\VentasController->registrar_venta()
#9 C:\xampp\htdocs\CasaMarkitos\system\CodeIgniter.php(499): CodeIgniter\CodeIgniter->runController(Object(App\Controllers\VentasController))
#10 C:\xampp\htdocs\CasaMarkitos\system\CodeIgniter.php(368): CodeIgniter\CodeIgniter->handleRequest(NULL, Object(Config\Cache), false)
#11 C:\xampp\htdocs\CasaMarkitos\index.php(67): CodeIgniter\CodeIgniter->run()
#12 {main}
CRITICAL - 2023-06-13 01:17:37 --> Column 'id_cliente' cannot be null
in SYSTEMPATH\Database\MySQLi\Connection.php on line 295.
 1 SYSTEMPATH\Database\MySQLi\Connection.php(295): mysqli->query('INSERT INTO `venta` (`id_cliente`, `fecha_venta`, `total_venta`) VALUES (NULL, \'2023-06-13\', 15000)', 0)
 2 SYSTEMPATH\Database\BaseConnection.php(691): CodeIgniter\Database\MySQLi\Connection->execute('INSERT INTO `venta` (`id_cliente`, `fecha_venta`, `total_venta`) VALUES (NULL, \'2023-06-13\', 15000)')
 3 SYSTEMPATH\Database\BaseConnection.php(605): CodeIgniter\Database\BaseConnection->simpleQuery('INSERT INTO `venta` (`id_cliente`, `fecha_venta`, `total_venta`) VALUES (NULL, \'2023-06-13\', 15000)')
 4 SYSTEMPATH\Database\BaseBuilder.php(2309): CodeIgniter\Database\BaseConnection->query('INSERT INTO `venta` (`id_cliente`, `fecha_venta`, `total_venta`) VALUES (:id_cliente:, :fecha_venta:, :total_venta:)', [...], false)
 5 SYSTEMPATH\Model.php(330): CodeIgniter\Database\BaseBuilder->insert()
 6 SYSTEMPATH\BaseModel.php(782): CodeIgniter\Model->doInsert([...])
 7 SYSTEMPATH\Model.php(730): CodeIgniter\BaseModel->insert([...], true)
 8 APPPATH\Controllers\VentasController.php(47): CodeIgniter\Model->insert([...])
 9 SYSTEMPATH\CodeIgniter.php(934): App\Controllers\VentasController->registrar_venta()
10 SYSTEMPATH\CodeIgniter.php(499): CodeIgniter\CodeIgniter->runController(Object(App\Controllers\VentasController))
11 SYSTEMPATH\CodeIgniter.php(368): CodeIgniter\CodeIgniter->handleRequest(null, Object(Config\Cache), false)
12 FCPATH\index.php(67): CodeIgniter\CodeIgniter->run()
INFO - 2023-06-13 01:18:19 --> Session: Class initialized using 'CodeIgniter\Session\Handlers\FileHandler' driver.
INFO - 2023-06-13 01:18:19 --> Cart Class Initialized
WARNING - 2023-06-13 01:18:19 --> [DEPRECATED] Creation of dynamic property App\Models\Ventas_Model::$id_cliente is deprecated in APPPATH\Controllers\VentasController.php on line 39.
 1 SYSTEMPATH\CodeIgniter.php(934): App\Controllers\VentasController->registrar_venta()
 2 SYSTEMPATH\CodeIgniter.php(499): CodeIgniter\CodeIgniter->runController(Object(App\Controllers\VentasController))
 3 SYSTEMPATH\CodeIgniter.php(368): CodeIgniter\CodeIgniter->handleRequest(null, Object(Config\Cache), false)
 4 FCPATH\index.php(67): CodeIgniter\CodeIgniter->run()
ERROR - 2023-06-13 01:18:19 --> mysqli_sql_exception: Column 'id_cliente' cannot be null in C:\xampp\htdocs\CasaMarkitos\system\Database\MySQLi\Connection.php:295
Stack trace:
#0 C:\xampp\htdocs\CasaMarkitos\system\Database\MySQLi\Connection.php(295): mysqli->query('INSERT INTO `ve...', 0)
#1 C:\xampp\htdocs\CasaMarkitos\system\Database\BaseConnection.php(691): CodeIgniter\Database\MySQLi\Connection->execute('INSERT INTO `ve...')
#2 C:\xampp\htdocs\CasaMarkitos\system\Database\BaseConnection.php(605): CodeIgniter\Database\BaseConnection->simpleQuery('INSERT INTO `ve...')
#3 C:\xampp\htdocs\CasaMarkitos\system\Database\BaseBuilder.php(2309): CodeIgniter\Database\BaseConnection->query('INSERT INTO `ve...', Array, false)
#4 C:\xampp\htdocs\CasaMarkitos\system\Model.php(330): CodeIgniter\Database\BaseBuilder->insert()
#5 C:\xampp\htdocs\CasaMarkitos\system\BaseModel.php(782): CodeIgniter\Model->doInsert(Array)
#6 C:\xampp\htdocs\CasaMarkitos\system\Model.php(730): CodeIgniter\BaseModel->insert(Array, true)
#7 C:\xampp\htdocs\CasaMarkitos\app\Controllers\VentasController.php(47): CodeIgniter\Model->insert(Array)
#8 C:\xampp\htdocs\CasaMarkitos\system\CodeIgniter.php(934): App\Controllers\VentasController->registrar_venta()
#9 C:\xampp\htdocs\CasaMarkitos\system\CodeIgniter.php(499): CodeIgniter\CodeIgniter->runController(Object(App\Controllers\VentasController))
#10 C:\xampp\htdocs\CasaMarkitos\system\CodeIgniter.php(368): CodeIgniter\CodeIgniter->handleRequest(NULL, Object(Config\Cache), false)
#11 C:\xampp\htdocs\CasaMarkitos\index.php(67): CodeIgniter\CodeIgniter->run()
#12 {main}
CRITICAL - 2023-06-13 01:18:19 --> Column 'id_cliente' cannot be null
in SYSTEMPATH\Database\MySQLi\Connection.php on line 295.
 1 SYSTEMPATH\Database\MySQLi\Connection.php(295): mysqli->query('INSERT INTO `venta` (`id_cliente`, `fecha_venta`, `total_venta`) VALUES (NULL, \'2023-06-13\', 15000)', 0)
 2 SYSTEMPATH\Database\BaseConnection.php(691): CodeIgniter\Database\MySQLi\Connection->execute('INSERT INTO `venta` (`id_cliente`, `fecha_venta`, `total_venta`) VALUES (NULL, \'2023-06-13\', 15000)')
 3 SYSTEMPATH\Database\BaseConnection.php(605): CodeIgniter\Database\BaseConnection->simpleQuery('INSERT INTO `venta` (`id_cliente`, `fecha_venta`, `total_venta`) VALUES (NULL, \'2023-06-13\', 15000)')
 4 SYSTEMPATH\Database\BaseBuilder.php(2309): CodeIgniter\Database\BaseConnection->query('INSERT INTO `venta` (`id_cliente`, `fecha_venta`, `total_venta`) VALUES (:id_cliente:, :fecha_venta:, :total_venta:)', [...], false)
 5 SYSTEMPATH\Model.php(330): CodeIgniter\Database\BaseBuilder->insert()
 6 SYSTEMPATH\BaseModel.php(782): CodeIgniter\Model->doInsert([...])
 7 SYSTEMPATH\Model.php(730): CodeIgniter\BaseModel->insert([...], true)
 8 APPPATH\Controllers\VentasController.php(47): CodeIgniter\Model->insert([...])
 9 SYSTEMPATH\CodeIgniter.php(934): App\Controllers\VentasController->registrar_venta()
10 SYSTEMPATH\CodeIgniter.php(499): CodeIgniter\CodeIgniter->runController(Object(App\Controllers\VentasController))
11 SYSTEMPATH\CodeIgniter.php(368): CodeIgniter\CodeIgniter->handleRequest(null, Object(Config\Cache), false)
12 FCPATH\index.php(67): CodeIgniter\CodeIgniter->run()
INFO - 2023-06-13 01:18:22 --> Session: Class initialized using 'CodeIgniter\Session\Handlers\FileHandler' driver.
INFO - 2023-06-13 01:18:22 --> Cart Class Initialized
WARNING - 2023-06-13 01:18:22 --> [DEPRECATED] Creation of dynamic property App\Models\Ventas_Model::$id_cliente is deprecated in APPPATH\Controllers\VentasController.php on line 39.
 1 SYSTEMPATH\CodeIgniter.php(934): App\Controllers\VentasController->registrar_venta()
 2 SYSTEMPATH\CodeIgniter.php(499): CodeIgniter\CodeIgniter->runController(Object(App\Controllers\VentasController))
 3 SYSTEMPATH\CodeIgniter.php(368): CodeIgniter\CodeIgniter->handleRequest(null, Object(Config\Cache), false)
 4 FCPATH\index.php(67): CodeIgniter\CodeIgniter->run()
ERROR - 2023-06-13 01:18:22 --> mysqli_sql_exception: Column 'id_cliente' cannot be null in C:\xampp\htdocs\CasaMarkitos\system\Database\MySQLi\Connection.php:295
Stack trace:
#0 C:\xampp\htdocs\CasaMarkitos\system\Database\MySQLi\Connection.php(295): mysqli->query('INSERT INTO `ve...', 0)
#1 C:\xampp\htdocs\CasaMarkitos\system\Database\BaseConnection.php(691): CodeIgniter\Database\MySQLi\Connection->execute('INSERT INTO `ve...')
#2 C:\xampp\htdocs\CasaMarkitos\system\Database\BaseConnection.php(605): CodeIgniter\Database\BaseConnection->simpleQuery('INSERT INTO `ve...')
#3 C:\xampp\htdocs\CasaMarkitos\system\Database\BaseBuilder.php(2309): CodeIgniter\Database\BaseConnection->query('INSERT INTO `ve...', Array, false)
#4 C:\xampp\htdocs\CasaMarkitos\system\Model.php(330): CodeIgniter\Database\BaseBuilder->insert()
#5 C:\xampp\htdocs\CasaMarkitos\system\BaseModel.php(782): CodeIgniter\Model->doInsert(Array)
#6 C:\xampp\htdocs\CasaMarkitos\system\Model.php(730): CodeIgniter\BaseModel->insert(Array, true)
#7 C:\xampp\htdocs\CasaMarkitos\app\Controllers\VentasController.php(47): CodeIgniter\Model->insert(Array)
#8 C:\xampp\htdocs\CasaMarkitos\system\CodeIgniter.php(934): App\Controllers\VentasController->registrar_venta()
#9 C:\xampp\htdocs\CasaMarkitos\system\CodeIgniter.php(499): CodeIgniter\CodeIgniter->runController(Object(App\Controllers\VentasController))
#10 C:\xampp\htdocs\CasaMarkitos\system\CodeIgniter.php(368): CodeIgniter\CodeIgniter->handleRequest(NULL, Object(Config\Cache), false)
#11 C:\xampp\htdocs\CasaMarkitos\index.php(67): CodeIgniter\CodeIgniter->run()
#12 {main}
CRITICAL - 2023-06-13 01:18:22 --> Column 'id_cliente' cannot be null
in SYSTEMPATH\Database\MySQLi\Connection.php on line 295.
 1 SYSTEMPATH\Database\MySQLi\Connection.php(295): mysqli->query('INSERT INTO `venta` (`id_cliente`, `fecha_venta`, `total_venta`) VALUES (NULL, \'2023-06-13\', 15000)', 0)
 2 SYSTEMPATH\Database\BaseConnection.php(691): CodeIgniter\Database\MySQLi\Connection->execute('INSERT INTO `venta` (`id_cliente`, `fecha_venta`, `total_venta`) VALUES (NULL, \'2023-06-13\', 15000)')
 3 SYSTEMPATH\Database\BaseConnection.php(605): CodeIgniter\Database\BaseConnection->simpleQuery('INSERT INTO `venta` (`id_cliente`, `fecha_venta`, `total_venta`) VALUES (NULL, \'2023-06-13\', 15000)')
 4 SYSTEMPATH\Database\BaseBuilder.php(2309): CodeIgniter\Database\BaseConnection->query('INSERT INTO `venta` (`id_cliente`, `fecha_venta`, `total_venta`) VALUES (:id_cliente:, :fecha_venta:, :total_venta:)', [...], false)
 5 SYSTEMPATH\Model.php(330): CodeIgniter\Database\BaseBuilder->insert()
 6 SYSTEMPATH\BaseModel.php(782): CodeIgniter\Model->doInsert([...])
 7 SYSTEMPATH\Model.php(730): CodeIgniter\BaseModel->insert([...], true)
 8 APPPATH\Controllers\VentasController.php(47): CodeIgniter\Model->insert([...])
 9 SYSTEMPATH\CodeIgniter.php(934): App\Controllers\VentasController->registrar_venta()
10 SYSTEMPATH\CodeIgniter.php(499): CodeIgniter\CodeIgniter->runController(Object(App\Controllers\VentasController))
11 SYSTEMPATH\CodeIgniter.php(368): CodeIgniter\CodeIgniter->handleRequest(null, Object(Config\Cache), false)
12 FCPATH\index.php(67): CodeIgniter\CodeIgniter->run()
CRITICAL - 2023-06-13 01:19:14 --> syntax error, unexpected single-quoted string "fecha_venta", expecting ")"
in APPPATH\Controllers\VentasController.php on line 40.
 1 SYSTEMPATH\Autoloader\Autoloader.php(289): CodeIgniter\Autoloader\Autoloader->includeFile('C:\\xampp\\htdocs\\CasaMarkitos\\app\\Controllers\\ventasController.php')
 2 SYSTEMPATH\Autoloader\Autoloader.php(267): CodeIgniter\Autoloader\Autoloader->loadInNamespace('App\\Controllers\\ventasController')
 3 [internal function]: CodeIgniter\Autoloader\Autoloader->loadClass('App\\Controllers\\ventasController')
 4 SYSTEMPATH\CodeIgniter.php(892): class_exists('\\App\\Controllers\\ventasController', true)
 5 SYSTEMPATH\CodeIgniter.php(486): CodeIgniter\CodeIgniter->startController()
 6 SYSTEMPATH\CodeIgniter.php(368): CodeIgniter\CodeIgniter->handleRequest(null, Object(Config\Cache), false)
 7 FCPATH\index.php(67): CodeIgniter\CodeIgniter->run()
INFO - 2023-06-13 01:19:24 --> Session: Class initialized using 'CodeIgniter\Session\Handlers\FileHandler' driver.
INFO - 2023-06-13 01:19:24 --> Cart Class Initialized
ERROR - 2023-06-13 01:19:24 --> mysqli_sql_exception: Cannot add or update a child row: a foreign key constraint fails (`casamarkitos`.`venta`, CONSTRAINT `venta_ibfk_1` FOREIGN KEY (`id`) REFERENCES `detalle_venta` (`id_venta`) ON DELETE CASCADE ON UPDATE CASCADE) in C:\xampp\htdocs\CasaMarkitos\system\Database\MySQLi\Connection.php:295
Stack trace:
#0 C:\xampp\htdocs\CasaMarkitos\system\Database\MySQLi\Connection.php(295): mysqli->query('INSERT INTO `ve...', 0)
#1 C:\xampp\htdocs\CasaMarkitos\system\Database\BaseConnection.php(691): CodeIgniter\Database\MySQLi\Connection->execute('INSERT INTO `ve...')
#2 C:\xampp\htdocs\CasaMarkitos\system\Database\BaseConnection.php(605): CodeIgniter\Database\BaseConnection->simpleQuery('INSERT INTO `ve...')
#3 C:\xampp\htdocs\CasaMarkitos\system\Database\BaseBuilder.php(2309): CodeIgniter\Database\BaseConnection->query('INSERT INTO `ve...', Array, false)
#4 C:\xampp\htdocs\CasaMarkitos\system\Model.php(330): CodeIgniter\Database\BaseBuilder->insert()
#5 C:\xampp\htdocs\CasaMarkitos\system\BaseModel.php(782): CodeIgniter\Model->doInsert(Array)
#6 C:\xampp\htdocs\CasaMarkitos\system\Model.php(730): CodeIgniter\BaseModel->insert(Array, true)
#7 C:\xampp\htdocs\CasaMarkitos\app\Controllers\VentasController.php(47): CodeIgniter\Model->insert(Array)
#8 C:\xampp\htdocs\CasaMarkitos\system\CodeIgniter.php(934): App\Controllers\VentasController->registrar_venta()
#9 C:\xampp\htdocs\CasaMarkitos\system\CodeIgniter.php(499): CodeIgniter\CodeIgniter->runController(Object(App\Controllers\VentasController))
#10 C:\xampp\htdocs\CasaMarkitos\system\CodeIgniter.php(368): CodeIgniter\CodeIgniter->handleRequest(NULL, Object(Config\Cache), false)
#11 C:\xampp\htdocs\CasaMarkitos\index.php(67): CodeIgniter\CodeIgniter->run()
#12 {main}
CRITICAL - 2023-06-13 01:19:24 --> Cannot add or update a child row: a foreign key constraint fails (`casamarkitos`.`venta`, CONSTRAINT `venta_ibfk_1` FOREIGN KEY (`id`) REFERENCES `detalle_venta` (`id_venta`) ON DELETE CASCADE ON UPDATE CASCADE)
in SYSTEMPATH\Database\MySQLi\Connection.php on line 295.
 1 SYSTEMPATH\Database\MySQLi\Connection.php(295): mysqli->query('INSERT INTO `venta` (`id_cliente`, `fecha_venta`, `total_venta`) VALUES (\'12\', \'2023-06-13\', 15000)', 0)
 2 SYSTEMPATH\Database\BaseConnection.php(691): CodeIgniter\Database\MySQLi\Connection->execute('INSERT INTO `venta` (`id_cliente`, `fecha_venta`, `total_venta`) VALUES (\'12\', \'2023-06-13\', 15000)')
 3 SYSTEMPATH\Database\BaseConnection.php(605): CodeIgniter\Database\BaseConnection->simpleQuery('INSERT INTO `venta` (`id_cliente`, `fecha_venta`, `total_venta`) VALUES (\'12\', \'2023-06-13\', 15000)')
 4 SYSTEMPATH\Database\BaseBuilder.php(2309): CodeIgniter\Database\BaseConnection->query('INSERT INTO `venta` (`id_cliente`, `fecha_venta`, `total_venta`) VALUES (:id_cliente:, :fecha_venta:, :total_venta:)', [...], false)
 5 SYSTEMPATH\Model.php(330): CodeIgniter\Database\BaseBuilder->insert()
 6 SYSTEMPATH\BaseModel.php(782): CodeIgniter\Model->doInsert([...])
 7 SYSTEMPATH\Model.php(730): CodeIgniter\BaseModel->insert([...], true)
 8 APPPATH\Controllers\VentasController.php(47): CodeIgniter\Model->insert([...])
 9 SYSTEMPATH\CodeIgniter.php(934): App\Controllers\VentasController->registrar_venta()
10 SYSTEMPATH\CodeIgniter.php(499): CodeIgniter\CodeIgniter->runController(Object(App\Controllers\VentasController))
11 SYSTEMPATH\CodeIgniter.php(368): CodeIgniter\CodeIgniter->handleRequest(null, Object(Config\Cache), false)
12 FCPATH\index.php(67): CodeIgniter\CodeIgniter->run()
INFO - 2023-06-13 02:26:02 --> Session: Class initialized using 'CodeIgniter\Session\Handlers\FileHandler' driver.
INFO - 2023-06-13 02:26:02 --> Cart Class Initialized
ERROR - 2023-06-13 02:26:02 --> mysqli_sql_exception: Cannot add or update a child row: a foreign key constraint fails (`casamarkitos`.`venta`, CONSTRAINT `venta_ibfk_1` FOREIGN KEY (`id`) REFERENCES `detalle_venta` (`id_venta`) ON DELETE CASCADE ON UPDATE CASCADE) in C:\xampp\htdocs\CasaMarkitos\system\Database\MySQLi\Connection.php:295
Stack trace:
#0 C:\xampp\htdocs\CasaMarkitos\system\Database\MySQLi\Connection.php(295): mysqli->query('INSERT INTO `ve...', 0)
#1 C:\xampp\htdocs\CasaMarkitos\system\Database\BaseConnection.php(691): CodeIgniter\Database\MySQLi\Connection->execute('INSERT INTO `ve...')
#2 C:\xampp\htdocs\CasaMarkitos\system\Database\BaseConnection.php(605): CodeIgniter\Database\BaseConnection->simpleQuery('INSERT INTO `ve...')
#3 C:\xampp\htdocs\CasaMarkitos\system\Database\BaseBuilder.php(2309): CodeIgniter\Database\BaseConnection->query('INSERT INTO `ve...', Array, false)
#4 C:\xampp\htdocs\CasaMarkitos\system\Model.php(330): CodeIgniter\Database\BaseBuilder->insert()
#5 C:\xampp\htdocs\CasaMarkitos\system\BaseModel.php(782): CodeIgniter\Model->doInsert(Array)
#6 C:\xampp\htdocs\CasaMarkitos\system\Model.php(730): CodeIgniter\BaseModel->insert(Array, true)
#7 C:\xampp\htdocs\CasaMarkitos\app\Controllers\VentasController.php(47): CodeIgniter\Model->insert(Array)
#8 C:\xampp\htdocs\CasaMarkitos\system\CodeIgniter.php(934): App\Controllers\VentasController->registrar_venta()
#9 C:\xampp\htdocs\CasaMarkitos\system\CodeIgniter.php(499): CodeIgniter\CodeIgniter->runController(Object(App\Controllers\VentasController))
#10 C:\xampp\htdocs\CasaMarkitos\system\CodeIgniter.php(368): CodeIgniter\CodeIgniter->handleRequest(NULL, Object(Config\Cache), false)
#11 C:\xampp\htdocs\CasaMarkitos\index.php(67): CodeIgniter\CodeIgniter->run()
#12 {main}
CRITICAL - 2023-06-13 02:26:02 --> Cannot add or update a child row: a foreign key constraint fails (`casamarkitos`.`venta`, CONSTRAINT `venta_ibfk_1` FOREIGN KEY (`id`) REFERENCES `detalle_venta` (`id_venta`) ON DELETE CASCADE ON UPDATE CASCADE)
in SYSTEMPATH\Database\MySQLi\Connection.php on line 295.
 1 SYSTEMPATH\Database\MySQLi\Connection.php(295): mysqli->query('INSERT INTO `venta` (`id_cliente`, `fecha_venta`, `total_venta`) VALUES (\'12\', \'2023-06-13\', 15000)', 0)
 2 SYSTEMPATH\Database\BaseConnection.php(691): CodeIgniter\Database\MySQLi\Connection->execute('INSERT INTO `venta` (`id_cliente`, `fecha_venta`, `total_venta`) VALUES (\'12\', \'2023-06-13\', 15000)')
 3 SYSTEMPATH\Database\BaseConnection.php(605): CodeIgniter\Database\BaseConnection->simpleQuery('INSERT INTO `venta` (`id_cliente`, `fecha_venta`, `total_venta`) VALUES (\'12\', \'2023-06-13\', 15000)')
 4 SYSTEMPATH\Database\BaseBuilder.php(2309): CodeIgniter\Database\BaseConnection->query('INSERT INTO `venta` (`id_cliente`, `fecha_venta`, `total_venta`) VALUES (:id_cliente:, :fecha_venta:, :total_venta:)', [...], false)
 5 SYSTEMPATH\Model.php(330): CodeIgniter\Database\BaseBuilder->insert()
 6 SYSTEMPATH\BaseModel.php(782): CodeIgniter\Model->doInsert([...])
 7 SYSTEMPATH\Model.php(730): CodeIgniter\BaseModel->insert([...], true)
 8 APPPATH\Controllers\VentasController.php(47): CodeIgniter\Model->insert([...])
 9 SYSTEMPATH\CodeIgniter.php(934): App\Controllers\VentasController->registrar_venta()
10 SYSTEMPATH\CodeIgniter.php(499): CodeIgniter\CodeIgniter->runController(Object(App\Controllers\VentasController))
11 SYSTEMPATH\CodeIgniter.php(368): CodeIgniter\CodeIgniter->handleRequest(null, Object(Config\Cache), false)
12 FCPATH\index.php(67): CodeIgniter\CodeIgniter->run()
INFO - 2023-06-13 02:27:22 --> Session: Class initialized using 'CodeIgniter\Session\Handlers\FileHandler' driver.
INFO - 2023-06-13 02:27:22 --> Cart Class Initialized
INFO - 2023-06-13 02:27:23 --> Session: Class initialized using 'CodeIgniter\Session\Handlers\FileHandler' driver.
INFO - 2023-06-13 02:27:23 --> Cart Class Initialized
INFO - 2023-06-13 02:27:24 --> Session: Class initialized using 'CodeIgniter\Session\Handlers\FileHandler' driver.
INFO - 2023-06-13 02:27:24 --> Cart Class Initialized
INFO - 2023-06-13 02:27:28 --> Session: Class initialized using 'CodeIgniter\Session\Handlers\FileHandler' driver.
INFO - 2023-06-13 02:27:28 --> Cart Class Initialized
ERROR - 2023-06-13 02:27:28 --> mysqli_sql_exception: Cannot add or update a child row: a foreign key constraint fails (`casamarkitos`.`venta`, CONSTRAINT `venta_ibfk_1` FOREIGN KEY (`id`) REFERENCES `detalle_venta` (`id_venta`) ON DELETE CASCADE ON UPDATE CASCADE) in C:\xampp\htdocs\CasaMarkitos\system\Database\MySQLi\Connection.php:295
Stack trace:
#0 C:\xampp\htdocs\CasaMarkitos\system\Database\MySQLi\Connection.php(295): mysqli->query('INSERT INTO `ve...', 0)
#1 C:\xampp\htdocs\CasaMarkitos\system\Database\BaseConnection.php(691): CodeIgniter\Database\MySQLi\Connection->execute('INSERT INTO `ve...')
#2 C:\xampp\htdocs\CasaMarkitos\system\Database\BaseConnection.php(605): CodeIgniter\Database\BaseConnection->simpleQuery('INSERT INTO `ve...')
#3 C:\xampp\htdocs\CasaMarkitos\system\Database\BaseBuilder.php(2309): CodeIgniter\Database\BaseConnection->query('INSERT INTO `ve...', Array, false)
#4 C:\xampp\htdocs\CasaMarkitos\system\Model.php(330): CodeIgniter\Database\BaseBuilder->insert()
#5 C:\xampp\htdocs\CasaMarkitos\system\BaseModel.php(782): CodeIgniter\Model->doInsert(Array)
#6 C:\xampp\htdocs\CasaMarkitos\system\Model.php(730): CodeIgniter\BaseModel->insert(Array, true)
#7 C:\xampp\htdocs\CasaMarkitos\app\Controllers\VentasController.php(47): CodeIgniter\Model->insert(Array)
#8 C:\xampp\htdocs\CasaMarkitos\system\CodeIgniter.php(934): App\Controllers\VentasController->registrar_venta()
#9 C:\xampp\htdocs\CasaMarkitos\system\CodeIgniter.php(499): CodeIgniter\CodeIgniter->runController(Object(App\Controllers\VentasController))
#10 C:\xampp\htdocs\CasaMarkitos\system\CodeIgniter.php(368): CodeIgniter\CodeIgniter->handleRequest(NULL, Object(Config\Cache), false)
#11 C:\xampp\htdocs\CasaMarkitos\index.php(67): CodeIgniter\CodeIgniter->run()
#12 {main}
CRITICAL - 2023-06-13 02:27:28 --> Cannot add or update a child row: a foreign key constraint fails (`casamarkitos`.`venta`, CONSTRAINT `venta_ibfk_1` FOREIGN KEY (`id`) REFERENCES `detalle_venta` (`id_venta`) ON DELETE CASCADE ON UPDATE CASCADE)
in SYSTEMPATH\Database\MySQLi\Connection.php on line 295.
 1 SYSTEMPATH\Database\MySQLi\Connection.php(295): mysqli->query('INSERT INTO `venta` (`id_cliente`, `fecha_venta`, `total_venta`) VALUES (\'12\', \'2023-06-13\', 15000)', 0)
 2 SYSTEMPATH\Database\BaseConnection.php(691): CodeIgniter\Database\MySQLi\Connection->execute('INSERT INTO `venta` (`id_cliente`, `fecha_venta`, `total_venta`) VALUES (\'12\', \'2023-06-13\', 15000)')
 3 SYSTEMPATH\Database\BaseConnection.php(605): CodeIgniter\Database\BaseConnection->simpleQuery('INSERT INTO `venta` (`id_cliente`, `fecha_venta`, `total_venta`) VALUES (\'12\', \'2023-06-13\', 15000)')
 4 SYSTEMPATH\Database\BaseBuilder.php(2309): CodeIgniter\Database\BaseConnection->query('INSERT INTO `venta` (`id_cliente`, `fecha_venta`, `total_venta`) VALUES (:id_cliente:, :fecha_venta:, :total_venta:)', [...], false)
 5 SYSTEMPATH\Model.php(330): CodeIgniter\Database\BaseBuilder->insert()
 6 SYSTEMPATH\BaseModel.php(782): CodeIgniter\Model->doInsert([...])
 7 SYSTEMPATH\Model.php(730): CodeIgniter\BaseModel->insert([...], true)
 8 APPPATH\Controllers\VentasController.php(47): CodeIgniter\Model->insert([...])
 9 SYSTEMPATH\CodeIgniter.php(934): App\Controllers\VentasController->registrar_venta()
10 SYSTEMPATH\CodeIgniter.php(499): CodeIgniter\CodeIgniter->runController(Object(App\Controllers\VentasController))
11 SYSTEMPATH\CodeIgniter.php(368): CodeIgniter\CodeIgniter->handleRequest(null, Object(Config\Cache), false)
12 FCPATH\index.php(67): CodeIgniter\CodeIgniter->run()
INFO - 2023-06-13 02:31:55 --> Session: Class initialized using 'CodeIgniter\Session\Handlers\FileHandler' driver.
INFO - 2023-06-13 02:31:55 --> Cart Class Initialized
ERROR - 2023-06-13 02:31:55 --> mysqli_sql_exception: Cannot add or update a child row: a foreign key constraint fails (`casamarkitos`.`venta`, CONSTRAINT `venta_ibfk_1` FOREIGN KEY (`id`) REFERENCES `detalle_venta` (`id_venta`) ON DELETE CASCADE ON UPDATE CASCADE) in C:\xampp\htdocs\CasaMarkitos\system\Database\MySQLi\Connection.php:295
Stack trace:
#0 C:\xampp\htdocs\CasaMarkitos\system\Database\MySQLi\Connection.php(295): mysqli->query('INSERT INTO `ve...', 0)
#1 C:\xampp\htdocs\CasaMarkitos\system\Database\BaseConnection.php(691): CodeIgniter\Database\MySQLi\Connection->execute('INSERT INTO `ve...')
#2 C:\xampp\htdocs\CasaMarkitos\system\Database\BaseConnection.php(605): CodeIgniter\Database\BaseConnection->simpleQuery('INSERT INTO `ve...')
#3 C:\xampp\htdocs\CasaMarkitos\system\Database\BaseBuilder.php(2309): CodeIgniter\Database\BaseConnection->query('INSERT INTO `ve...', Array, false)
#4 C:\xampp\htdocs\CasaMarkitos\system\Model.php(330): CodeIgniter\Database\BaseBuilder->insert()
#5 C:\xampp\htdocs\CasaMarkitos\system\BaseModel.php(782): CodeIgniter\Model->doInsert(Array)
#6 C:\xampp\htdocs\CasaMarkitos\system\Model.php(730): CodeIgniter\BaseModel->insert(Array, true)
#7 C:\xampp\htdocs\CasaMarkitos\app\Controllers\VentasController.php(47): CodeIgniter\Model->insert(Array)
#8 C:\xampp\htdocs\CasaMarkitos\system\CodeIgniter.php(934): App\Controllers\VentasController->registrar_venta()
#9 C:\xampp\htdocs\CasaMarkitos\system\CodeIgniter.php(499): CodeIgniter\CodeIgniter->runController(Object(App\Controllers\VentasController))
#10 C:\xampp\htdocs\CasaMarkitos\system\CodeIgniter.php(368): CodeIgniter\CodeIgniter->handleRequest(NULL, Object(Config\Cache), false)
#11 C:\xampp\htdocs\CasaMarkitos\index.php(67): CodeIgniter\CodeIgniter->run()
#12 {main}
CRITICAL - 2023-06-13 02:31:55 --> Cannot add or update a child row: a foreign key constraint fails (`casamarkitos`.`venta`, CONSTRAINT `venta_ibfk_1` FOREIGN KEY (`id`) REFERENCES `detalle_venta` (`id_venta`) ON DELETE CASCADE ON UPDATE CASCADE)
in SYSTEMPATH\Database\MySQLi\Connection.php on line 295.
 1 SYSTEMPATH\Database\MySQLi\Connection.php(295): mysqli->query('INSERT INTO `venta` (`id_cliente`, `fecha_venta`, `total_venta`) VALUES (\'12\', \'2023-06-13\', 15000)', 0)
 2 SYSTEMPATH\Database\BaseConnection.php(691): CodeIgniter\Database\MySQLi\Connection->execute('INSERT INTO `venta` (`id_cliente`, `fecha_venta`, `total_venta`) VALUES (\'12\', \'2023-06-13\', 15000)')
 3 SYSTEMPATH\Database\BaseConnection.php(605): CodeIgniter\Database\BaseConnection->simpleQuery('INSERT INTO `venta` (`id_cliente`, `fecha_venta`, `total_venta`) VALUES (\'12\', \'2023-06-13\', 15000)')
 4 SYSTEMPATH\Database\BaseBuilder.php(2309): CodeIgniter\Database\BaseConnection->query('INSERT INTO `venta` (`id_cliente`, `fecha_venta`, `total_venta`) VALUES (:id_cliente:, :fecha_venta:, :total_venta:)', [...], false)
 5 SYSTEMPATH\Model.php(330): CodeIgniter\Database\BaseBuilder->insert()
 6 SYSTEMPATH\BaseModel.php(782): CodeIgniter\Model->doInsert([...])
 7 SYSTEMPATH\Model.php(730): CodeIgniter\BaseModel->insert([...], true)
 8 APPPATH\Controllers\VentasController.php(47): CodeIgniter\Model->insert([...])
 9 SYSTEMPATH\CodeIgniter.php(934): App\Controllers\VentasController->registrar_venta()
10 SYSTEMPATH\CodeIgniter.php(499): CodeIgniter\CodeIgniter->runController(Object(App\Controllers\VentasController))
11 SYSTEMPATH\CodeIgniter.php(368): CodeIgniter\CodeIgniter->handleRequest(null, Object(Config\Cache), false)
12 FCPATH\index.php(67): CodeIgniter\CodeIgniter->run()
INFO - 2023-06-13 02:49:21 --> Session: Class initialized using 'CodeIgniter\Session\Handlers\FileHandler' driver.
INFO - 2023-06-13 02:49:21 --> Cart Class Initialized
ERROR - 2023-06-13 02:49:21 --> mysqli_sql_exception: Cannot add or update a child row: a foreign key constraint fails (`casamarkitos`.`venta`, CONSTRAINT `venta_ibfk_1` FOREIGN KEY (`id`) REFERENCES `detalle_venta` (`id_venta`) ON DELETE CASCADE ON UPDATE CASCADE) in C:\xampp\htdocs\CasaMarkitos\system\Database\MySQLi\Connection.php:295
Stack trace:
#0 C:\xampp\htdocs\CasaMarkitos\system\Database\MySQLi\Connection.php(295): mysqli->query('INSERT INTO `ve...', 0)
#1 C:\xampp\htdocs\CasaMarkitos\system\Database\BaseConnection.php(691): CodeIgniter\Database\MySQLi\Connection->execute('INSERT INTO `ve...')
#2 C:\xampp\htdocs\CasaMarkitos\system\Database\BaseConnection.php(605): CodeIgniter\Database\BaseConnection->simpleQuery('INSERT INTO `ve...')
#3 C:\xampp\htdocs\CasaMarkitos\system\Database\BaseBuilder.php(2309): CodeIgniter\Database\BaseConnection->query('INSERT INTO `ve...', Array, false)
#4 C:\xampp\htdocs\CasaMarkitos\system\Model.php(330): CodeIgniter\Database\BaseBuilder->insert()
#5 C:\xampp\htdocs\CasaMarkitos\system\BaseModel.php(782): CodeIgniter\Model->doInsert(Array)
#6 C:\xampp\htdocs\CasaMarkitos\system\Model.php(730): CodeIgniter\BaseModel->insert(Array, true)
#7 C:\xampp\htdocs\CasaMarkitos\app\Controllers\VentasController.php(47): CodeIgniter\Model->insert(Array)
#8 C:\xampp\htdocs\CasaMarkitos\system\CodeIgniter.php(934): App\Controllers\VentasController->registrar_venta()
#9 C:\xampp\htdocs\CasaMarkitos\system\CodeIgniter.php(499): CodeIgniter\CodeIgniter->runController(Object(App\Controllers\VentasController))
#10 C:\xampp\htdocs\CasaMarkitos\system\CodeIgniter.php(368): CodeIgniter\CodeIgniter->handleRequest(NULL, Object(Config\Cache), false)
#11 C:\xampp\htdocs\CasaMarkitos\index.php(67): CodeIgniter\CodeIgniter->run()
#12 {main}
CRITICAL - 2023-06-13 02:49:21 --> Cannot add or update a child row: a foreign key constraint fails (`casamarkitos`.`venta`, CONSTRAINT `venta_ibfk_1` FOREIGN KEY (`id`) REFERENCES `detalle_venta` (`id_venta`) ON DELETE CASCADE ON UPDATE CASCADE)
in SYSTEMPATH\Database\MySQLi\Connection.php on line 295.
 1 SYSTEMPATH\Database\MySQLi\Connection.php(295): mysqli->query('INSERT INTO `venta` (`id_cliente`, `fecha_venta`, `total_venta`) VALUES (\'12\', \'2023-06-13\', 15000)', 0)
 2 SYSTEMPATH\Database\BaseConnection.php(691): CodeIgniter\Database\MySQLi\Connection->execute('INSERT INTO `venta` (`id_cliente`, `fecha_venta`, `total_venta`) VALUES (\'12\', \'2023-06-13\', 15000)')
 3 SYSTEMPATH\Database\BaseConnection.php(605): CodeIgniter\Database\BaseConnection->simpleQuery('INSERT INTO `venta` (`id_cliente`, `fecha_venta`, `total_venta`) VALUES (\'12\', \'2023-06-13\', 15000)')
 4 SYSTEMPATH\Database\BaseBuilder.php(2309): CodeIgniter\Database\BaseConnection->query('INSERT INTO `venta` (`id_cliente`, `fecha_venta`, `total_venta`) VALUES (:id_cliente:, :fecha_venta:, :total_venta:)', [...], false)
 5 SYSTEMPATH\Model.php(330): CodeIgniter\Database\BaseBuilder->insert()
 6 SYSTEMPATH\BaseModel.php(782): CodeIgniter\Model->doInsert([...])
 7 SYSTEMPATH\Model.php(730): CodeIgniter\BaseModel->insert([...], true)
 8 APPPATH\Controllers\VentasController.php(47): CodeIgniter\Model->insert([...])
 9 SYSTEMPATH\CodeIgniter.php(934): App\Controllers\VentasController->registrar_venta()
10 SYSTEMPATH\CodeIgniter.php(499): CodeIgniter\CodeIgniter->runController(Object(App\Controllers\VentasController))
11 SYSTEMPATH\CodeIgniter.php(368): CodeIgniter\CodeIgniter->handleRequest(null, Object(Config\Cache), false)
12 FCPATH\index.php(67): CodeIgniter\CodeIgniter->run()
INFO - 2023-06-13 03:02:09 --> Session: Class initialized using 'CodeIgniter\Session\Handlers\FileHandler' driver.
INFO - 2023-06-13 03:02:09 --> Cart Class Initialized
ERROR - 2023-06-13 03:02:09 --> mysqli_sql_exception: Cannot add or update a child row: a foreign key constraint fails (`casamarkitos`.`venta`, CONSTRAINT `venta_ibfk_1` FOREIGN KEY (`id`) REFERENCES `detalle_venta` (`id_venta`) ON DELETE CASCADE ON UPDATE CASCADE) in C:\xampp\htdocs\CasaMarkitos\system\Database\MySQLi\Connection.php:295
Stack trace:
#0 C:\xampp\htdocs\CasaMarkitos\system\Database\MySQLi\Connection.php(295): mysqli->query('INSERT INTO `ve...', 0)
#1 C:\xampp\htdocs\CasaMarkitos\system\Database\BaseConnection.php(691): CodeIgniter\Database\MySQLi\Connection->execute('INSERT INTO `ve...')
#2 C:\xampp\htdocs\CasaMarkitos\system\Database\BaseConnection.php(605): CodeIgniter\Database\BaseConnection->simpleQuery('INSERT INTO `ve...')
#3 C:\xampp\htdocs\CasaMarkitos\system\Database\BaseBuilder.php(2309): CodeIgniter\Database\BaseConnection->query('INSERT INTO `ve...', Array, false)
#4 C:\xampp\htdocs\CasaMarkitos\system\Model.php(330): CodeIgniter\Database\BaseBuilder->insert()
#5 C:\xampp\htdocs\CasaMarkitos\system\BaseModel.php(782): CodeIgniter\Model->doInsert(Array)
#6 C:\xampp\htdocs\CasaMarkitos\system\Model.php(730): CodeIgniter\BaseModel->insert(Array, true)
#7 C:\xampp\htdocs\CasaMarkitos\app\Controllers\VentasController.php(47): CodeIgniter\Model->insert(Array)
#8 C:\xampp\htdocs\CasaMarkitos\system\CodeIgniter.php(934): App\Controllers\VentasController->registrar_venta()
#9 C:\xampp\htdocs\CasaMarkitos\system\CodeIgniter.php(499): CodeIgniter\CodeIgniter->runController(Object(App\Controllers\VentasController))
#10 C:\xampp\htdocs\CasaMarkitos\system\CodeIgniter.php(368): CodeIgniter\CodeIgniter->handleRequest(NULL, Object(Config\Cache), false)
#11 C:\xampp\htdocs\CasaMarkitos\index.php(67): CodeIgniter\CodeIgniter->run()
#12 {main}
CRITICAL - 2023-06-13 03:02:09 --> Cannot add or update a child row: a foreign key constraint fails (`casamarkitos`.`venta`, CONSTRAINT `venta_ibfk_1` FOREIGN KEY (`id`) REFERENCES `detalle_venta` (`id_venta`) ON DELETE CASCADE ON UPDATE CASCADE)
in SYSTEMPATH\Database\MySQLi\Connection.php on line 295.
 1 SYSTEMPATH\Database\MySQLi\Connection.php(295): mysqli->query('INSERT INTO `venta` (`id_cliente`, `fecha_venta`, `total_venta`) VALUES (\'12\', \'2023-06-13\', 15000)', 0)
 2 SYSTEMPATH\Database\BaseConnection.php(691): CodeIgniter\Database\MySQLi\Connection->execute('INSERT INTO `venta` (`id_cliente`, `fecha_venta`, `total_venta`) VALUES (\'12\', \'2023-06-13\', 15000)')
 3 SYSTEMPATH\Database\BaseConnection.php(605): CodeIgniter\Database\BaseConnection->simpleQuery('INSERT INTO `venta` (`id_cliente`, `fecha_venta`, `total_venta`) VALUES (\'12\', \'2023-06-13\', 15000)')
 4 SYSTEMPATH\Database\BaseBuilder.php(2309): CodeIgniter\Database\BaseConnection->query('INSERT INTO `venta` (`id_cliente`, `fecha_venta`, `total_venta`) VALUES (:id_cliente:, :fecha_venta:, :total_venta:)', [...], false)
 5 SYSTEMPATH\Model.php(330): CodeIgniter\Database\BaseBuilder->insert()
 6 SYSTEMPATH\BaseModel.php(782): CodeIgniter\Model->doInsert([...])
 7 SYSTEMPATH\Model.php(730): CodeIgniter\BaseModel->insert([...], true)
 8 APPPATH\Controllers\VentasController.php(47): CodeIgniter\Model->insert([...])
 9 SYSTEMPATH\CodeIgniter.php(934): App\Controllers\VentasController->registrar_venta()
10 SYSTEMPATH\CodeIgniter.php(499): CodeIgniter\CodeIgniter->runController(Object(App\Controllers\VentasController))
11 SYSTEMPATH\CodeIgniter.php(368): CodeIgniter\CodeIgniter->handleRequest(null, Object(Config\Cache), false)
12 FCPATH\index.php(67): CodeIgniter\CodeIgniter->run()
INFO - 2023-06-13 03:02:11 --> Session: Class initialized using 'CodeIgniter\Session\Handlers\FileHandler' driver.
INFO - 2023-06-13 03:02:11 --> Cart Class Initialized
INFO - 2023-06-13 03:02:14 --> Session: Class initialized using 'CodeIgniter\Session\Handlers\FileHandler' driver.
INFO - 2023-06-13 03:02:14 --> Cart Class Initialized
ERROR - 2023-06-13 03:02:14 --> mysqli_sql_exception: Cannot add or update a child row: a foreign key constraint fails (`casamarkitos`.`venta`, CONSTRAINT `venta_ibfk_1` FOREIGN KEY (`id`) REFERENCES `detalle_venta` (`id_venta`) ON DELETE CASCADE ON UPDATE CASCADE) in C:\xampp\htdocs\CasaMarkitos\system\Database\MySQLi\Connection.php:295
Stack trace:
#0 C:\xampp\htdocs\CasaMarkitos\system\Database\MySQLi\Connection.php(295): mysqli->query('INSERT INTO `ve...', 0)
#1 C:\xampp\htdocs\CasaMarkitos\system\Database\BaseConnection.php(691): CodeIgniter\Database\MySQLi\Connection->execute('INSERT INTO `ve...')
#2 C:\xampp\htdocs\CasaMarkitos\system\Database\BaseConnection.php(605): CodeIgniter\Database\BaseConnection->simpleQuery('INSERT INTO `ve...')
#3 C:\xampp\htdocs\CasaMarkitos\system\Database\BaseBuilder.php(2309): CodeIgniter\Database\BaseConnection->query('INSERT INTO `ve...', Array, false)
#4 C:\xampp\htdocs\CasaMarkitos\system\Model.php(330): CodeIgniter\Database\BaseBuilder->insert()
#5 C:\xampp\htdocs\CasaMarkitos\system\BaseModel.php(782): CodeIgniter\Model->doInsert(Array)
#6 C:\xampp\htdocs\CasaMarkitos\system\Model.php(730): CodeIgniter\BaseModel->insert(Array, true)
#7 C:\xampp\htdocs\CasaMarkitos\app\Controllers\VentasController.php(47): CodeIgniter\Model->insert(Array)
#8 C:\xampp\htdocs\CasaMarkitos\system\CodeIgniter.php(934): App\Controllers\VentasController->registrar_venta()
#9 C:\xampp\htdocs\CasaMarkitos\system\CodeIgniter.php(499): CodeIgniter\CodeIgniter->runController(Object(App\Controllers\VentasController))
#10 C:\xampp\htdocs\CasaMarkitos\system\CodeIgniter.php(368): CodeIgniter\CodeIgniter->handleRequest(NULL, Object(Config\Cache), false)
#11 C:\xampp\htdocs\CasaMarkitos\index.php(67): CodeIgniter\CodeIgniter->run()
#12 {main}
CRITICAL - 2023-06-13 03:02:14 --> Cannot add or update a child row: a foreign key constraint fails (`casamarkitos`.`venta`, CONSTRAINT `venta_ibfk_1` FOREIGN KEY (`id`) REFERENCES `detalle_venta` (`id_venta`) ON DELETE CASCADE ON UPDATE CASCADE)
in SYSTEMPATH\Database\MySQLi\Connection.php on line 295.
 1 SYSTEMPATH\Database\MySQLi\Connection.php(295): mysqli->query('INSERT INTO `venta` (`id_cliente`, `fecha_venta`, `total_venta`) VALUES (\'12\', \'2023-06-13\', 15000)', 0)
 2 SYSTEMPATH\Database\BaseConnection.php(691): CodeIgniter\Database\MySQLi\Connection->execute('INSERT INTO `venta` (`id_cliente`, `fecha_venta`, `total_venta`) VALUES (\'12\', \'2023-06-13\', 15000)')
 3 SYSTEMPATH\Database\BaseConnection.php(605): CodeIgniter\Database\BaseConnection->simpleQuery('INSERT INTO `venta` (`id_cliente`, `fecha_venta`, `total_venta`) VALUES (\'12\', \'2023-06-13\', 15000)')
 4 SYSTEMPATH\Database\BaseBuilder.php(2309): CodeIgniter\Database\BaseConnection->query('INSERT INTO `venta` (`id_cliente`, `fecha_venta`, `total_venta`) VALUES (:id_cliente:, :fecha_venta:, :total_venta:)', [...], false)
 5 SYSTEMPATH\Model.php(330): CodeIgniter\Database\BaseBuilder->insert()
 6 SYSTEMPATH\BaseModel.php(782): CodeIgniter\Model->doInsert([...])
 7 SYSTEMPATH\Model.php(730): CodeIgniter\BaseModel->insert([...], true)
 8 APPPATH\Controllers\VentasController.php(47): CodeIgniter\Model->insert([...])
 9 SYSTEMPATH\CodeIgniter.php(934): App\Controllers\VentasController->registrar_venta()
10 SYSTEMPATH\CodeIgniter.php(499): CodeIgniter\CodeIgniter->runController(Object(App\Controllers\VentasController))
11 SYSTEMPATH\CodeIgniter.php(368): CodeIgniter\CodeIgniter->handleRequest(null, Object(Config\Cache), false)
12 FCPATH\index.php(67): CodeIgniter\CodeIgniter->run()
INFO - 2023-06-13 03:02:27 --> Session: Class initialized using 'CodeIgniter\Session\Handlers\FileHandler' driver.
INFO - 2023-06-13 03:02:27 --> Cart Class Initialized
ERROR - 2023-06-13 03:02:27 --> mysqli_sql_exception: Cannot add or update a child row: a foreign key constraint fails (`casamarkitos`.`venta`, CONSTRAINT `venta_ibfk_1` FOREIGN KEY (`id`) REFERENCES `detalle_venta` (`id_venta`) ON DELETE CASCADE ON UPDATE CASCADE) in C:\xampp\htdocs\CasaMarkitos\system\Database\MySQLi\Connection.php:295
Stack trace:
#0 C:\xampp\htdocs\CasaMarkitos\system\Database\MySQLi\Connection.php(295): mysqli->query('INSERT INTO `ve...', 0)
#1 C:\xampp\htdocs\CasaMarkitos\system\Database\BaseConnection.php(691): CodeIgniter\Database\MySQLi\Connection->execute('INSERT INTO `ve...')
#2 C:\xampp\htdocs\CasaMarkitos\system\Database\BaseConnection.php(605): CodeIgniter\Database\BaseConnection->simpleQuery('INSERT INTO `ve...')
#3 C:\xampp\htdocs\CasaMarkitos\system\Database\BaseBuilder.php(2309): CodeIgniter\Database\BaseConnection->query('INSERT INTO `ve...', Array, false)
#4 C:\xampp\htdocs\CasaMarkitos\system\Model.php(330): CodeIgniter\Database\BaseBuilder->insert()
#5 C:\xampp\htdocs\CasaMarkitos\system\BaseModel.php(782): CodeIgniter\Model->doInsert(Array)
#6 C:\xampp\htdocs\CasaMarkitos\system\Model.php(730): CodeIgniter\BaseModel->insert(Array, true)
#7 C:\xampp\htdocs\CasaMarkitos\app\Controllers\VentasController.php(47): CodeIgniter\Model->insert(Array)
#8 C:\xampp\htdocs\CasaMarkitos\system\CodeIgniter.php(934): App\Controllers\VentasController->registrar_venta()
#9 C:\xampp\htdocs\CasaMarkitos\system\CodeIgniter.php(499): CodeIgniter\CodeIgniter->runController(Object(App\Controllers\VentasController))
#10 C:\xampp\htdocs\CasaMarkitos\system\CodeIgniter.php(368): CodeIgniter\CodeIgniter->handleRequest(NULL, Object(Config\Cache), false)
#11 C:\xampp\htdocs\CasaMarkitos\index.php(67): CodeIgniter\CodeIgniter->run()
#12 {main}
CRITICAL - 2023-06-13 03:02:27 --> Cannot add or update a child row: a foreign key constraint fails (`casamarkitos`.`venta`, CONSTRAINT `venta_ibfk_1` FOREIGN KEY (`id`) REFERENCES `detalle_venta` (`id_venta`) ON DELETE CASCADE ON UPDATE CASCADE)
in SYSTEMPATH\Database\MySQLi\Connection.php on line 295.
 1 SYSTEMPATH\Database\MySQLi\Connection.php(295): mysqli->query('INSERT INTO `venta` (`id_cliente`, `fecha_venta`, `total_venta`) VALUES (\'12\', \'2023-06-13\', 15000)', 0)
 2 SYSTEMPATH\Database\BaseConnection.php(691): CodeIgniter\Database\MySQLi\Connection->execute('INSERT INTO `venta` (`id_cliente`, `fecha_venta`, `total_venta`) VALUES (\'12\', \'2023-06-13\', 15000)')
 3 SYSTEMPATH\Database\BaseConnection.php(605): CodeIgniter\Database\BaseConnection->simpleQuery('INSERT INTO `venta` (`id_cliente`, `fecha_venta`, `total_venta`) VALUES (\'12\', \'2023-06-13\', 15000)')
 4 SYSTEMPATH\Database\BaseBuilder.php(2309): CodeIgniter\Database\BaseConnection->query('INSERT INTO `venta` (`id_cliente`, `fecha_venta`, `total_venta`) VALUES (:id_cliente:, :fecha_venta:, :total_venta:)', [...], false)
 5 SYSTEMPATH\Model.php(330): CodeIgniter\Database\BaseBuilder->insert()
 6 SYSTEMPATH\BaseModel.php(782): CodeIgniter\Model->doInsert([...])
 7 SYSTEMPATH\Model.php(730): CodeIgniter\BaseModel->insert([...], true)
 8 APPPATH\Controllers\VentasController.php(47): CodeIgniter\Model->insert([...])
 9 SYSTEMPATH\CodeIgniter.php(934): App\Controllers\VentasController->registrar_venta()
10 SYSTEMPATH\CodeIgniter.php(499): CodeIgniter\CodeIgniter->runController(Object(App\Controllers\VentasController))
11 SYSTEMPATH\CodeIgniter.php(368): CodeIgniter\CodeIgniter->handleRequest(null, Object(Config\Cache), false)
12 FCPATH\index.php(67): CodeIgniter\CodeIgniter->run()
